

Started GET "/" for 127.0.0.1 at 2015-05-19 19:15:19 -0700
Processing by Rails::WelcomeController#index as HTML
  Rendered C:/RailsInstaller/Ruby2.0.0/lib/ruby/gems/2.0.0/gems/railties-4.1.4/lib/rails/templates/rails/welcome/index.html.erb (4.0ms)
Completed 200 OK in 65ms (Views: 25.0ms | ActiveRecord: 0.0ms)


Started GET "/" for 127.0.0.1 at 2015-05-19 19:15:20 -0700
Processing by Rails::WelcomeController#index as HTML
  Rendered C:/RailsInstaller/Ruby2.0.0/lib/ruby/gems/2.0.0/gems/railties-4.1.4/lib/rails/templates/rails/welcome/index.html.erb (0.0ms)
Completed 200 OK in 4ms (Views: 3.0ms | ActiveRecord: 0.0ms)


Started GET "/" for 127.0.0.1 at 2015-05-19 19:15:21 -0700
Processing by Rails::WelcomeController#index as HTML
  Rendered C:/RailsInstaller/Ruby2.0.0/lib/ruby/gems/2.0.0/gems/railties-4.1.4/lib/rails/templates/rails/welcome/index.html.erb (1.0ms)
Completed 200 OK in 3ms (Views: 3.0ms | ActiveRecord: 0.0ms)


Started GET "/welcome/index" for 127.0.0.1 at 2015-05-19 19:21:25 -0700
Processing by WelcomeController#index as HTML
  Rendered welcome/index.html.erb within layouts/application (3.0ms)
Completed 200 OK in 1240ms (Views: 1213.1ms | ActiveRecord: 0.0ms)


Started GET "/assets/welcome.css?body=1" for 127.0.0.1 at 2015-05-19 19:21:26 -0700


Started GET "/assets/application.css?body=1" for 127.0.0.1 at 2015-05-19 19:21:26 -0700


Started GET "/assets/jquery.js?body=1" for 127.0.0.1 at 2015-05-19 19:21:26 -0700


Started GET "/assets/jquery_ujs.js?body=1" for 127.0.0.1 at 2015-05-19 19:21:26 -0700


Started GET "/assets/turbolinks.js?body=1" for 127.0.0.1 at 2015-05-19 19:21:27 -0700


Started GET "/assets/welcome.js?body=1" for 127.0.0.1 at 2015-05-19 19:21:27 -0700


Started GET "/assets/application.js?body=1" for 127.0.0.1 at 2015-05-19 19:21:27 -0700


Started GET "/welcome/index" for 127.0.0.1 at 2015-05-19 19:22:22 -0700

ActionController::RoutingError (No route matches [GET] "/welcome/index"):
  actionpack (4.1.4) lib/action_dispatch/middleware/debug_exceptions.rb:21:in `call'
  actionpack (4.1.4) lib/action_dispatch/middleware/show_exceptions.rb:30:in `call'
  railties (4.1.4) lib/rails/rack/logger.rb:38:in `call_app'
  railties (4.1.4) lib/rails/rack/logger.rb:20:in `block in call'
  activesupport (4.1.4) lib/active_support/tagged_logging.rb:68:in `block in tagged'
  activesupport (4.1.4) lib/active_support/tagged_logging.rb:26:in `tagged'
  activesupport (4.1.4) lib/active_support/tagged_logging.rb:68:in `tagged'
  railties (4.1.4) lib/rails/rack/logger.rb:20:in `call'
  actionpack (4.1.4) lib/action_dispatch/middleware/request_id.rb:21:in `call'
  rack (1.5.3) lib/rack/methodoverride.rb:21:in `call'
  rack (1.5.3) lib/rack/runtime.rb:17:in `call'
  activesupport (4.1.4) lib/active_support/cache/strategy/local_cache_middleware.rb:26:in `call'
  rack (1.5.3) lib/rack/lock.rb:17:in `call'
  actionpack (4.1.4) lib/action_dispatch/middleware/static.rb:64:in `call'
  rack (1.5.3) lib/rack/sendfile.rb:112:in `call'
  railties (4.1.4) lib/rails/engine.rb:514:in `call'
  railties (4.1.4) lib/rails/application.rb:144:in `call'
  rack (1.5.3) lib/rack/lock.rb:17:in `call'
  rack (1.5.3) lib/rack/content_length.rb:14:in `call'
  rack (1.5.3) lib/rack/handler/webrick.rb:60:in `service'
  C:/RailsInstaller/Ruby2.0.0/lib/ruby/2.0.0/webrick/httpserver.rb:138:in `service'
  C:/RailsInstaller/Ruby2.0.0/lib/ruby/2.0.0/webrick/httpserver.rb:94:in `run'
  C:/RailsInstaller/Ruby2.0.0/lib/ruby/2.0.0/webrick/server.rb:295:in `block in start_thread'


  Rendered C:/RailsInstaller/Ruby2.0.0/lib/ruby/gems/2.0.0/gems/actionpack-4.1.4/lib/action_dispatch/middleware/templates/rescues/_trace.html.erb (1.0ms)
  Rendered C:/RailsInstaller/Ruby2.0.0/lib/ruby/gems/2.0.0/gems/actionpack-4.1.4/lib/action_dispatch/middleware/templates/routes/_route.html.erb (2.0ms)
  Rendered C:/RailsInstaller/Ruby2.0.0/lib/ruby/gems/2.0.0/gems/actionpack-4.1.4/lib/action_dispatch/middleware/templates/routes/_table.html.erb (16.0ms)
  Rendered C:/RailsInstaller/Ruby2.0.0/lib/ruby/gems/2.0.0/gems/actionpack-4.1.4/lib/action_dispatch/middleware/templates/rescues/routing_error.html.erb within rescues/layout (76.0ms)


Started GET "/welcome/index" for 127.0.0.1 at 2015-05-19 19:22:23 -0700

ActionController::RoutingError (No route matches [GET] "/welcome/index"):
  actionpack (4.1.4) lib/action_dispatch/middleware/debug_exceptions.rb:21:in `call'
  actionpack (4.1.4) lib/action_dispatch/middleware/show_exceptions.rb:30:in `call'
  railties (4.1.4) lib/rails/rack/logger.rb:38:in `call_app'
  railties (4.1.4) lib/rails/rack/logger.rb:20:in `block in call'
  activesupport (4.1.4) lib/active_support/tagged_logging.rb:68:in `block in tagged'
  activesupport (4.1.4) lib/active_support/tagged_logging.rb:26:in `tagged'
  activesupport (4.1.4) lib/active_support/tagged_logging.rb:68:in `tagged'
  railties (4.1.4) lib/rails/rack/logger.rb:20:in `call'
  actionpack (4.1.4) lib/action_dispatch/middleware/request_id.rb:21:in `call'
  rack (1.5.3) lib/rack/methodoverride.rb:21:in `call'
  rack (1.5.3) lib/rack/runtime.rb:17:in `call'
  activesupport (4.1.4) lib/active_support/cache/strategy/local_cache_middleware.rb:26:in `call'
  rack (1.5.3) lib/rack/lock.rb:17:in `call'
  actionpack (4.1.4) lib/action_dispatch/middleware/static.rb:64:in `call'
  rack (1.5.3) lib/rack/sendfile.rb:112:in `call'
  railties (4.1.4) lib/rails/engine.rb:514:in `call'
  railties (4.1.4) lib/rails/application.rb:144:in `call'
  rack (1.5.3) lib/rack/lock.rb:17:in `call'
  rack (1.5.3) lib/rack/content_length.rb:14:in `call'
  rack (1.5.3) lib/rack/handler/webrick.rb:60:in `service'
  C:/RailsInstaller/Ruby2.0.0/lib/ruby/2.0.0/webrick/httpserver.rb:138:in `service'
  C:/RailsInstaller/Ruby2.0.0/lib/ruby/2.0.0/webrick/httpserver.rb:94:in `run'
  C:/RailsInstaller/Ruby2.0.0/lib/ruby/2.0.0/webrick/server.rb:295:in `block in start_thread'


  Rendered C:/RailsInstaller/Ruby2.0.0/lib/ruby/gems/2.0.0/gems/actionpack-4.1.4/lib/action_dispatch/middleware/templates/rescues/_trace.html.erb (1.0ms)
  Rendered C:/RailsInstaller/Ruby2.0.0/lib/ruby/gems/2.0.0/gems/actionpack-4.1.4/lib/action_dispatch/middleware/templates/routes/_route.html.erb (1.0ms)
  Rendered C:/RailsInstaller/Ruby2.0.0/lib/ruby/gems/2.0.0/gems/actionpack-4.1.4/lib/action_dispatch/middleware/templates/routes/_table.html.erb (2.0ms)
  Rendered C:/RailsInstaller/Ruby2.0.0/lib/ruby/gems/2.0.0/gems/actionpack-4.1.4/lib/action_dispatch/middleware/templates/rescues/routing_error.html.erb within rescues/layout (53.0ms)


Started GET "/" for 127.0.0.1 at 2015-05-19 19:22:26 -0700
Processing by WelcomeController#index as HTML
  Rendered welcome/index.html.erb within layouts/application (0.0ms)
Completed 200 OK in 176ms (Views: 136.0ms | ActiveRecord: 0.0ms)


Started GET "/assets/jquery.js?body=1" for 127.0.0.1 at 2015-05-19 19:22:26 -0700


Started GET "/assets/application.css?body=1" for 127.0.0.1 at 2015-05-19 19:22:26 -0700


Started GET "/assets/jquery_ujs.js?body=1" for 127.0.0.1 at 2015-05-19 19:22:26 -0700


Started GET "/assets/welcome.css?body=1" for 127.0.0.1 at 2015-05-19 19:22:26 -0700


Started GET "/assets/welcome.js?body=1" for 127.0.0.1 at 2015-05-19 19:22:26 -0700


Started GET "/assets/turbolinks.js?body=1" for 127.0.0.1 at 2015-05-19 19:22:26 -0700


Started GET "/assets/application.js?body=1" for 127.0.0.1 at 2015-05-19 19:22:26 -0700


Started GET "/" for 127.0.0.1 at 2015-05-19 19:27:44 -0700
Processing by WelcomeController#index as HTML
  Rendered welcome/index.html.erb within layouts/application (4.0ms)
Completed 200 OK in 1059ms (Views: 1019.1ms | ActiveRecord: 0.0ms)


Started GET "/assets/articles.css?body=1" for 127.0.0.1 at 2015-05-19 19:27:46 -0700


Started GET "/assets/application.css?body=1" for 127.0.0.1 at 2015-05-19 19:27:46 -0700


Started GET "/assets/welcome.css?body=1" for 127.0.0.1 at 2015-05-19 19:27:46 -0700


Started GET "/assets/jquery_ujs.js?body=1" for 127.0.0.1 at 2015-05-19 19:27:46 -0700


Started GET "/assets/jquery.js?body=1" for 127.0.0.1 at 2015-05-19 19:27:46 -0700


Started GET "/assets/turbolinks.js?body=1" for 127.0.0.1 at 2015-05-19 19:27:46 -0700


Started GET "/assets/articles.js?body=1" for 127.0.0.1 at 2015-05-19 19:27:46 -0700


Started GET "/assets/welcome.js?body=1" for 127.0.0.1 at 2015-05-19 19:27:46 -0700


Started GET "/assets/application.js?body=1" for 127.0.0.1 at 2015-05-19 19:27:46 -0700


Started GET "/articles/new" for 127.0.0.1 at 2015-05-19 19:27:51 -0700

AbstractController::ActionNotFound (The action 'new' could not be found for ArticlesController):
  actionpack (4.1.4) lib/abstract_controller/base.rb:131:in `process'
  actionview (4.1.4) lib/action_view/rendering.rb:30:in `process'
  actionpack (4.1.4) lib/action_controller/metal.rb:196:in `dispatch'
  actionpack (4.1.4) lib/action_controller/metal/rack_delegation.rb:13:in `dispatch'
  actionpack (4.1.4) lib/action_controller/metal.rb:232:in `block in action'
  actionpack (4.1.4) lib/action_dispatch/routing/route_set.rb:82:in `call'
  actionpack (4.1.4) lib/action_dispatch/routing/route_set.rb:82:in `dispatch'
  actionpack (4.1.4) lib/action_dispatch/routing/route_set.rb:50:in `call'
  actionpack (4.1.4) lib/action_dispatch/journey/router.rb:71:in `block in call'
  actionpack (4.1.4) lib/action_dispatch/journey/router.rb:59:in `each'
  actionpack (4.1.4) lib/action_dispatch/journey/router.rb:59:in `call'
  actionpack (4.1.4) lib/action_dispatch/routing/route_set.rb:678:in `call'
  rack (1.5.3) lib/rack/etag.rb:23:in `call'
  rack (1.5.3) lib/rack/conditionalget.rb:25:in `call'
  rack (1.5.3) lib/rack/head.rb:11:in `call'
  actionpack (4.1.4) lib/action_dispatch/middleware/params_parser.rb:27:in `call'
  actionpack (4.1.4) lib/action_dispatch/middleware/flash.rb:254:in `call'
  rack (1.5.3) lib/rack/session/abstract/id.rb:225:in `context'
  rack (1.5.3) lib/rack/session/abstract/id.rb:220:in `call'
  actionpack (4.1.4) lib/action_dispatch/middleware/cookies.rb:560:in `call'
  activerecord (4.1.4) lib/active_record/query_cache.rb:36:in `call'
  activerecord (4.1.4) lib/active_record/connection_adapters/abstract/connection_pool.rb:621:in `call'
  activerecord (4.1.4) lib/active_record/migration.rb:380:in `call'
  actionpack (4.1.4) lib/action_dispatch/middleware/callbacks.rb:29:in `block in call'
  activesupport (4.1.4) lib/active_support/callbacks.rb:82:in `run_callbacks'
  actionpack (4.1.4) lib/action_dispatch/middleware/callbacks.rb:27:in `call'
  actionpack (4.1.4) lib/action_dispatch/middleware/reloader.rb:73:in `call'
  actionpack (4.1.4) lib/action_dispatch/middleware/remote_ip.rb:76:in `call'
  actionpack (4.1.4) lib/action_dispatch/middleware/debug_exceptions.rb:17:in `call'
  actionpack (4.1.4) lib/action_dispatch/middleware/show_exceptions.rb:30:in `call'
  railties (4.1.4) lib/rails/rack/logger.rb:38:in `call_app'
  railties (4.1.4) lib/rails/rack/logger.rb:20:in `block in call'
  activesupport (4.1.4) lib/active_support/tagged_logging.rb:68:in `block in tagged'
  activesupport (4.1.4) lib/active_support/tagged_logging.rb:26:in `tagged'
  activesupport (4.1.4) lib/active_support/tagged_logging.rb:68:in `tagged'
  railties (4.1.4) lib/rails/rack/logger.rb:20:in `call'
  actionpack (4.1.4) lib/action_dispatch/middleware/request_id.rb:21:in `call'
  rack (1.5.3) lib/rack/methodoverride.rb:21:in `call'
  rack (1.5.3) lib/rack/runtime.rb:17:in `call'
  activesupport (4.1.4) lib/active_support/cache/strategy/local_cache_middleware.rb:26:in `call'
  rack (1.5.3) lib/rack/lock.rb:17:in `call'
  actionpack (4.1.4) lib/action_dispatch/middleware/static.rb:64:in `call'
  rack (1.5.3) lib/rack/sendfile.rb:112:in `call'
  railties (4.1.4) lib/rails/engine.rb:514:in `call'
  railties (4.1.4) lib/rails/application.rb:144:in `call'
  rack (1.5.3) lib/rack/lock.rb:17:in `call'
  rack (1.5.3) lib/rack/content_length.rb:14:in `call'
  rack (1.5.3) lib/rack/handler/webrick.rb:60:in `service'
  C:/RailsInstaller/Ruby2.0.0/lib/ruby/2.0.0/webrick/httpserver.rb:138:in `service'
  C:/RailsInstaller/Ruby2.0.0/lib/ruby/2.0.0/webrick/httpserver.rb:94:in `run'
  C:/RailsInstaller/Ruby2.0.0/lib/ruby/2.0.0/webrick/server.rb:295:in `block in start_thread'


  Rendered C:/RailsInstaller/Ruby2.0.0/lib/ruby/gems/2.0.0/gems/actionpack-4.1.4/lib/action_dispatch/middleware/templates/rescues/unknown_action.html.erb within rescues/layout (0.0ms)


Started GET "/articles/new" for 127.0.0.1 at 2015-05-19 19:28:09 -0700
Processing by ArticlesController#new as HTML
Completed 500 Internal Server Error in 4ms

ActionView::MissingTemplate (Missing template articles/new, application/new with {:locale=>[:en], :formats=>[:html], :variants=>[], :handlers=>[:erb, :builder, :raw, :ruby, :coffee, :jbuilder]}. Searched in:
  * "C:/Users/Jeff/documents/github/railsguide-blog/app/views"
):
  actionview (4.1.4) lib/action_view/path_set.rb:46:in `find'
  actionview (4.1.4) lib/action_view/lookup_context.rb:124:in `find'
  C:in `find_template'
  actionview (4.1.4) lib/action_view/renderer/template_renderer.rb:41:in `determine_template'
  actionview (4.1.4) lib/action_view/renderer/template_renderer.rb:8:in `render'
  actionview (4.1.4) lib/action_view/renderer/renderer.rb:42:in `render_template'
  actionview (4.1.4) lib/action_view/renderer/renderer.rb:23:in `render'
  actionview (4.1.4) lib/action_view/rendering.rb:99:in `_render_template'
  actionpack (4.1.4) lib/action_controller/metal/streaming.rb:217:in `_render_template'
  actionview (4.1.4) lib/action_view/rendering.rb:82:in `render_to_body'
  actionpack (4.1.4) lib/action_controller/metal/rendering.rb:32:in `render_to_body'
  actionpack (4.1.4) lib/action_controller/metal/renderers.rb:32:in `render_to_body'
  actionpack (4.1.4) lib/abstract_controller/rendering.rb:25:in `render'
  actionpack (4.1.4) lib/action_controller/metal/rendering.rb:16:in `render'
  actionpack (4.1.4) lib/action_controller/metal/instrumentation.rb:41:in `block (2 levels) in render'
  activesupport (4.1.4) lib/active_support/core_ext/benchmark.rb:12:in `block in ms'
  C:/RailsInstaller/Ruby2.0.0/lib/ruby/2.0.0/benchmark.rb:296:in `realtime'
  activesupport (4.1.4) lib/active_support/core_ext/benchmark.rb:12:in `ms'
  actionpack (4.1.4) lib/action_controller/metal/instrumentation.rb:41:in `block in render'
  actionpack (4.1.4) lib/action_controller/metal/instrumentation.rb:84:in `cleanup_view_runtime'
  activerecord (4.1.4) lib/active_record/railties/controller_runtime.rb:25:in `cleanup_view_runtime'
  actionpack (4.1.4) lib/action_controller/metal/instrumentation.rb:40:in `render'
  actionpack (4.1.4) lib/action_controller/metal/implicit_render.rb:10:in `default_render'
  actionpack (4.1.4) lib/action_controller/metal/implicit_render.rb:5:in `send_action'
  actionpack (4.1.4) lib/abstract_controller/base.rb:189:in `process_action'
  actionpack (4.1.4) lib/action_controller/metal/rendering.rb:10:in `process_action'
  actionpack (4.1.4) lib/abstract_controller/callbacks.rb:20:in `block in process_action'
  activesupport (4.1.4) lib/active_support/callbacks.rb:113:in `call'
  activesupport (4.1.4) lib/active_support/callbacks.rb:113:in `call'
  activesupport (4.1.4) lib/active_support/callbacks.rb:229:in `block in halting'
  activesupport (4.1.4) lib/active_support/callbacks.rb:229:in `call'
  activesupport (4.1.4) lib/active_support/callbacks.rb:229:in `block in halting'
  activesupport (4.1.4) lib/active_support/callbacks.rb:166:in `call'
  activesupport (4.1.4) lib/active_support/callbacks.rb:166:in `block in halting'
  activesupport (4.1.4) lib/active_support/callbacks.rb:166:in `call'
  activesupport (4.1.4) lib/active_support/callbacks.rb:166:in `block in halting'
  activesupport (4.1.4) lib/active_support/callbacks.rb:166:in `call'
  activesupport (4.1.4) lib/active_support/callbacks.rb:166:in `block in halting'
  activesupport (4.1.4) lib/active_support/callbacks.rb:86:in `call'
  activesupport (4.1.4) lib/active_support/callbacks.rb:86:in `run_callbacks'
  actionpack (4.1.4) lib/abstract_controller/callbacks.rb:19:in `process_action'
  actionpack (4.1.4) lib/action_controller/metal/rescue.rb:29:in `process_action'
  actionpack (4.1.4) lib/action_controller/metal/instrumentation.rb:31:in `block in process_action'
  activesupport (4.1.4) lib/active_support/notifications.rb:159:in `block in instrument'
  activesupport (4.1.4) lib/active_support/notifications/instrumenter.rb:20:in `instrument'
  activesupport (4.1.4) lib/active_support/notifications.rb:159:in `instrument'
  actionpack (4.1.4) lib/action_controller/metal/instrumentation.rb:30:in `process_action'
  actionpack (4.1.4) lib/action_controller/metal/params_wrapper.rb:250:in `process_action'
  activerecord (4.1.4) lib/active_record/railties/controller_runtime.rb:18:in `process_action'
  actionpack (4.1.4) lib/abstract_controller/base.rb:136:in `process'
  actionview (4.1.4) lib/action_view/rendering.rb:30:in `process'
  actionpack (4.1.4) lib/action_controller/metal.rb:196:in `dispatch'
  actionpack (4.1.4) lib/action_controller/metal/rack_delegation.rb:13:in `dispatch'
  actionpack (4.1.4) lib/action_controller/metal.rb:232:in `block in action'
  actionpack (4.1.4) lib/action_dispatch/routing/route_set.rb:82:in `call'
  actionpack (4.1.4) lib/action_dispatch/routing/route_set.rb:82:in `dispatch'
  actionpack (4.1.4) lib/action_dispatch/routing/route_set.rb:50:in `call'
  actionpack (4.1.4) lib/action_dispatch/journey/router.rb:71:in `block in call'
  actionpack (4.1.4) lib/action_dispatch/journey/router.rb:59:in `each'
  actionpack (4.1.4) lib/action_dispatch/journey/router.rb:59:in `call'
  actionpack (4.1.4) lib/action_dispatch/routing/route_set.rb:678:in `call'
  rack (1.5.3) lib/rack/etag.rb:23:in `call'
  rack (1.5.3) lib/rack/conditionalget.rb:25:in `call'
  rack (1.5.3) lib/rack/head.rb:11:in `call'
  actionpack (4.1.4) lib/action_dispatch/middleware/params_parser.rb:27:in `call'
  actionpack (4.1.4) lib/action_dispatch/middleware/flash.rb:254:in `call'
  rack (1.5.3) lib/rack/session/abstract/id.rb:225:in `context'
  rack (1.5.3) lib/rack/session/abstract/id.rb:220:in `call'
  actionpack (4.1.4) lib/action_dispatch/middleware/cookies.rb:560:in `call'
  activerecord (4.1.4) lib/active_record/query_cache.rb:36:in `call'
  activerecord (4.1.4) lib/active_record/connection_adapters/abstract/connection_pool.rb:621:in `call'
  activerecord (4.1.4) lib/active_record/migration.rb:380:in `call'
  actionpack (4.1.4) lib/action_dispatch/middleware/callbacks.rb:29:in `block in call'
  activesupport (4.1.4) lib/active_support/callbacks.rb:82:in `run_callbacks'
  actionpack (4.1.4) lib/action_dispatch/middleware/callbacks.rb:27:in `call'
  actionpack (4.1.4) lib/action_dispatch/middleware/reloader.rb:73:in `call'
  actionpack (4.1.4) lib/action_dispatch/middleware/remote_ip.rb:76:in `call'
  actionpack (4.1.4) lib/action_dispatch/middleware/debug_exceptions.rb:17:in `call'
  actionpack (4.1.4) lib/action_dispatch/middleware/show_exceptions.rb:30:in `call'
  railties (4.1.4) lib/rails/rack/logger.rb:38:in `call_app'
  railties (4.1.4) lib/rails/rack/logger.rb:20:in `block in call'
  activesupport (4.1.4) lib/active_support/tagged_logging.rb:68:in `block in tagged'
  activesupport (4.1.4) lib/active_support/tagged_logging.rb:26:in `tagged'
  activesupport (4.1.4) lib/active_support/tagged_logging.rb:68:in `tagged'
  railties (4.1.4) lib/rails/rack/logger.rb:20:in `call'
  actionpack (4.1.4) lib/action_dispatch/middleware/request_id.rb:21:in `call'
  rack (1.5.3) lib/rack/methodoverride.rb:21:in `call'
  rack (1.5.3) lib/rack/runtime.rb:17:in `call'
  activesupport (4.1.4) lib/active_support/cache/strategy/local_cache_middleware.rb:26:in `call'
  rack (1.5.3) lib/rack/lock.rb:17:in `call'
  actionpack (4.1.4) lib/action_dispatch/middleware/static.rb:64:in `call'
  rack (1.5.3) lib/rack/sendfile.rb:112:in `call'
  railties (4.1.4) lib/rails/engine.rb:514:in `call'
  railties (4.1.4) lib/rails/application.rb:144:in `call'
  rack (1.5.3) lib/rack/lock.rb:17:in `call'
  rack (1.5.3) lib/rack/content_length.rb:14:in `call'
  rack (1.5.3) lib/rack/handler/webrick.rb:60:in `service'
  C:/RailsInstaller/Ruby2.0.0/lib/ruby/2.0.0/webrick/httpserver.rb:138:in `service'
  C:/RailsInstaller/Ruby2.0.0/lib/ruby/2.0.0/webrick/httpserver.rb:94:in `run'
  C:/RailsInstaller/Ruby2.0.0/lib/ruby/2.0.0/webrick/server.rb:295:in `block in start_thread'


  Rendered C:/RailsInstaller/Ruby2.0.0/lib/ruby/gems/2.0.0/gems/actionpack-4.1.4/lib/action_dispatch/middleware/templates/rescues/missing_template.html.erb within rescues/layout (1.0ms)


Started GET "/articles/new" for 127.0.0.1 at 2015-05-19 19:30:20 -0700
Processing by ArticlesController#new as HTML
  Rendered articles/new.html.erb within layouts/application (1.0ms)
Completed 200 OK in 108ms (Views: 107.0ms | ActiveRecord: 0.0ms)


Started GET "/assets/articles.css?body=1" for 127.0.0.1 at 2015-05-19 19:30:20 -0700


Started GET "/assets/welcome.css?body=1" for 127.0.0.1 at 2015-05-19 19:30:20 -0700


Started GET "/assets/jquery.js?body=1" for 127.0.0.1 at 2015-05-19 19:30:20 -0700


Started GET "/assets/application.css?body=1" for 127.0.0.1 at 2015-05-19 19:30:20 -0700


Started GET "/assets/jquery_ujs.js?body=1" for 127.0.0.1 at 2015-05-19 19:30:20 -0700


Started GET "/assets/turbolinks.js?body=1" for 127.0.0.1 at 2015-05-19 19:30:20 -0700


Started GET "/assets/articles.js?body=1" for 127.0.0.1 at 2015-05-19 19:30:20 -0700


Started GET "/assets/welcome.js?body=1" for 127.0.0.1 at 2015-05-19 19:30:20 -0700


Started GET "/assets/application.js?body=1" for 127.0.0.1 at 2015-05-19 19:30:20 -0700


Started GET "/articles/new" for 127.0.0.1 at 2015-05-19 19:30:46 -0700
Processing by ArticlesController#new as HTML
  Rendered articles/new.html.erb within layouts/application (55.0ms)
Completed 200 OK in 137ms (Views: 136.0ms | ActiveRecord: 0.0ms)


Started GET "/assets/jquery.js?body=1" for 127.0.0.1 at 2015-05-19 19:30:46 -0700


Started GET "/assets/welcome.css?body=1" for 127.0.0.1 at 2015-05-19 19:30:46 -0700


Started GET "/assets/application.css?body=1" for 127.0.0.1 at 2015-05-19 19:30:46 -0700


Started GET "/assets/articles.css?body=1" for 127.0.0.1 at 2015-05-19 19:30:46 -0700


Started GET "/assets/jquery_ujs.js?body=1" for 127.0.0.1 at 2015-05-19 19:30:46 -0700


Started GET "/assets/turbolinks.js?body=1" for 127.0.0.1 at 2015-05-19 19:30:46 -0700


Started GET "/assets/articles.js?body=1" for 127.0.0.1 at 2015-05-19 19:30:46 -0700


Started GET "/assets/welcome.js?body=1" for 127.0.0.1 at 2015-05-19 19:30:46 -0700


Started GET "/assets/application.js?body=1" for 127.0.0.1 at 2015-05-19 19:30:46 -0700


Started GET "/articles/new" for 127.0.0.1 at 2015-05-19 19:31:13 -0700
Processing by ArticlesController#new as HTML
  Rendered articles/new.html.erb within layouts/application (3.0ms)
Completed 200 OK in 83ms (Views: 82.0ms | ActiveRecord: 0.0ms)


Started GET "/assets/jquery.js?body=1" for 127.0.0.1 at 2015-05-19 19:31:13 -0700


Started GET "/assets/application.css?body=1" for 127.0.0.1 at 2015-05-19 19:31:13 -0700


Started GET "/assets/welcome.css?body=1" for 127.0.0.1 at 2015-05-19 19:31:13 -0700


Started GET "/assets/articles.css?body=1" for 127.0.0.1 at 2015-05-19 19:31:13 -0700


Started GET "/assets/jquery_ujs.js?body=1" for 127.0.0.1 at 2015-05-19 19:31:13 -0700


Started GET "/assets/turbolinks.js?body=1" for 127.0.0.1 at 2015-05-19 19:31:13 -0700


Started GET "/assets/articles.js?body=1" for 127.0.0.1 at 2015-05-19 19:31:13 -0700


Started GET "/assets/application.js?body=1" for 127.0.0.1 at 2015-05-19 19:31:13 -0700


Started GET "/assets/welcome.js?body=1" for 127.0.0.1 at 2015-05-19 19:31:13 -0700


Started GET "/articles/new" for 127.0.0.1 at 2015-05-19 19:31:15 -0700
Processing by ArticlesController#new as HTML
  Rendered articles/new.html.erb within layouts/application (3.0ms)
Completed 200 OK in 109ms (Views: 108.0ms | ActiveRecord: 0.0ms)


Started GET "/assets/jquery_ujs.js?body=1" for 127.0.0.1 at 2015-05-19 19:31:16 -0700


Started GET "/assets/welcome.css?body=1" for 127.0.0.1 at 2015-05-19 19:31:16 -0700


Started GET "/assets/jquery.js?body=1" for 127.0.0.1 at 2015-05-19 19:31:16 -0700


Started GET "/assets/application.css?body=1" for 127.0.0.1 at 2015-05-19 19:31:16 -0700


Started GET "/assets/turbolinks.js?body=1" for 127.0.0.1 at 2015-05-19 19:31:16 -0700


Started GET "/assets/articles.css?body=1" for 127.0.0.1 at 2015-05-19 19:31:16 -0700


Started GET "/assets/articles.js?body=1" for 127.0.0.1 at 2015-05-19 19:31:16 -0700


Started GET "/assets/application.js?body=1" for 127.0.0.1 at 2015-05-19 19:31:16 -0700


Started GET "/assets/welcome.js?body=1" for 127.0.0.1 at 2015-05-19 19:31:16 -0700


Started GET "/articles/new" for 127.0.0.1 at 2015-05-19 19:32:59 -0700
Processing by ArticlesController#new as HTML
  Rendered articles/new.html.erb within layouts/application (2.0ms)
Completed 200 OK in 84ms (Views: 83.0ms | ActiveRecord: 0.0ms)


Started GET "/assets/application.css?body=1" for 127.0.0.1 at 2015-05-19 19:32:59 -0700


Started GET "/assets/jquery.js?body=1" for 127.0.0.1 at 2015-05-19 19:32:59 -0700


Started GET "/assets/welcome.css?body=1" for 127.0.0.1 at 2015-05-19 19:32:59 -0700


Started GET "/assets/turbolinks.js?body=1" for 127.0.0.1 at 2015-05-19 19:32:59 -0700


Started GET "/assets/jquery_ujs.js?body=1" for 127.0.0.1 at 2015-05-19 19:32:59 -0700


Started GET "/assets/articles.css?body=1" for 127.0.0.1 at 2015-05-19 19:32:59 -0700


Started GET "/assets/articles.js?body=1" for 127.0.0.1 at 2015-05-19 19:32:59 -0700


Started GET "/assets/welcome.js?body=1" for 127.0.0.1 at 2015-05-19 19:32:59 -0700


Started GET "/assets/application.js?body=1" for 127.0.0.1 at 2015-05-19 19:32:59 -0700


Started POST "/articles" for 127.0.0.1 at 2015-05-19 19:33:02 -0700
Processing by ArticlesController#create as HTML
  Parameters: {"utf8"=>"✓", "authenticity_token"=>"IDE/ZyoXBhHQMk5Z3pAklrdjLt7lWI85A01IToz7Xkg=", "article"=>{"title"=>"Jeff", "text"=>"test"}, "commit"=>"Save Article"}
Completed 500 Internal Server Error in 4ms

ActionView::MissingTemplate (Missing template articles/create, application/create with {:locale=>[:en], :formats=>[:html], :variants=>[], :handlers=>[:erb, :builder, :raw, :ruby, :coffee, :jbuilder]}. Searched in:
  * "C:/Users/Jeff/documents/github/railsguide-blog/app/views"
):
  actionview (4.1.4) lib/action_view/path_set.rb:46:in `find'
  actionview (4.1.4) lib/action_view/lookup_context.rb:124:in `find'
  C:in `find_template'
  actionview (4.1.4) lib/action_view/renderer/template_renderer.rb:41:in `determine_template'
  actionview (4.1.4) lib/action_view/renderer/template_renderer.rb:8:in `render'
  actionview (4.1.4) lib/action_view/renderer/renderer.rb:42:in `render_template'
  actionview (4.1.4) lib/action_view/renderer/renderer.rb:23:in `render'
  actionview (4.1.4) lib/action_view/rendering.rb:99:in `_render_template'
  actionpack (4.1.4) lib/action_controller/metal/streaming.rb:217:in `_render_template'
  actionview (4.1.4) lib/action_view/rendering.rb:82:in `render_to_body'
  actionpack (4.1.4) lib/action_controller/metal/rendering.rb:32:in `render_to_body'
  actionpack (4.1.4) lib/action_controller/metal/renderers.rb:32:in `render_to_body'
  actionpack (4.1.4) lib/abstract_controller/rendering.rb:25:in `render'
  actionpack (4.1.4) lib/action_controller/metal/rendering.rb:16:in `render'
  actionpack (4.1.4) lib/action_controller/metal/instrumentation.rb:41:in `block (2 levels) in render'
  activesupport (4.1.4) lib/active_support/core_ext/benchmark.rb:12:in `block in ms'
  C:/RailsInstaller/Ruby2.0.0/lib/ruby/2.0.0/benchmark.rb:296:in `realtime'
  activesupport (4.1.4) lib/active_support/core_ext/benchmark.rb:12:in `ms'
  actionpack (4.1.4) lib/action_controller/metal/instrumentation.rb:41:in `block in render'
  actionpack (4.1.4) lib/action_controller/metal/instrumentation.rb:84:in `cleanup_view_runtime'
  activerecord (4.1.4) lib/active_record/railties/controller_runtime.rb:25:in `cleanup_view_runtime'
  actionpack (4.1.4) lib/action_controller/metal/instrumentation.rb:40:in `render'
  actionpack (4.1.4) lib/action_controller/metal/implicit_render.rb:10:in `default_render'
  actionpack (4.1.4) lib/action_controller/metal/implicit_render.rb:5:in `send_action'
  actionpack (4.1.4) lib/abstract_controller/base.rb:189:in `process_action'
  actionpack (4.1.4) lib/action_controller/metal/rendering.rb:10:in `process_action'
  actionpack (4.1.4) lib/abstract_controller/callbacks.rb:20:in `block in process_action'
  activesupport (4.1.4) lib/active_support/callbacks.rb:113:in `call'
  activesupport (4.1.4) lib/active_support/callbacks.rb:113:in `call'
  activesupport (4.1.4) lib/active_support/callbacks.rb:229:in `block in halting'
  activesupport (4.1.4) lib/active_support/callbacks.rb:229:in `call'
  activesupport (4.1.4) lib/active_support/callbacks.rb:229:in `block in halting'
  activesupport (4.1.4) lib/active_support/callbacks.rb:166:in `call'
  activesupport (4.1.4) lib/active_support/callbacks.rb:166:in `block in halting'
  activesupport (4.1.4) lib/active_support/callbacks.rb:166:in `call'
  activesupport (4.1.4) lib/active_support/callbacks.rb:166:in `block in halting'
  activesupport (4.1.4) lib/active_support/callbacks.rb:166:in `call'
  activesupport (4.1.4) lib/active_support/callbacks.rb:166:in `block in halting'
  activesupport (4.1.4) lib/active_support/callbacks.rb:86:in `call'
  activesupport (4.1.4) lib/active_support/callbacks.rb:86:in `run_callbacks'
  actionpack (4.1.4) lib/abstract_controller/callbacks.rb:19:in `process_action'
  actionpack (4.1.4) lib/action_controller/metal/rescue.rb:29:in `process_action'
  actionpack (4.1.4) lib/action_controller/metal/instrumentation.rb:31:in `block in process_action'
  activesupport (4.1.4) lib/active_support/notifications.rb:159:in `block in instrument'
  activesupport (4.1.4) lib/active_support/notifications/instrumenter.rb:20:in `instrument'
  activesupport (4.1.4) lib/active_support/notifications.rb:159:in `instrument'
  actionpack (4.1.4) lib/action_controller/metal/instrumentation.rb:30:in `process_action'
  actionpack (4.1.4) lib/action_controller/metal/params_wrapper.rb:250:in `process_action'
  activerecord (4.1.4) lib/active_record/railties/controller_runtime.rb:18:in `process_action'
  actionpack (4.1.4) lib/abstract_controller/base.rb:136:in `process'
  actionview (4.1.4) lib/action_view/rendering.rb:30:in `process'
  actionpack (4.1.4) lib/action_controller/metal.rb:196:in `dispatch'
  actionpack (4.1.4) lib/action_controller/metal/rack_delegation.rb:13:in `dispatch'
  actionpack (4.1.4) lib/action_controller/metal.rb:232:in `block in action'
  actionpack (4.1.4) lib/action_dispatch/routing/route_set.rb:82:in `call'
  actionpack (4.1.4) lib/action_dispatch/routing/route_set.rb:82:in `dispatch'
  actionpack (4.1.4) lib/action_dispatch/routing/route_set.rb:50:in `call'
  actionpack (4.1.4) lib/action_dispatch/journey/router.rb:71:in `block in call'
  actionpack (4.1.4) lib/action_dispatch/journey/router.rb:59:in `each'
  actionpack (4.1.4) lib/action_dispatch/journey/router.rb:59:in `call'
  actionpack (4.1.4) lib/action_dispatch/routing/route_set.rb:678:in `call'
  rack (1.5.3) lib/rack/etag.rb:23:in `call'
  rack (1.5.3) lib/rack/conditionalget.rb:35:in `call'
  rack (1.5.3) lib/rack/head.rb:11:in `call'
  actionpack (4.1.4) lib/action_dispatch/middleware/params_parser.rb:27:in `call'
  actionpack (4.1.4) lib/action_dispatch/middleware/flash.rb:254:in `call'
  rack (1.5.3) lib/rack/session/abstract/id.rb:225:in `context'
  rack (1.5.3) lib/rack/session/abstract/id.rb:220:in `call'
  actionpack (4.1.4) lib/action_dispatch/middleware/cookies.rb:560:in `call'
  activerecord (4.1.4) lib/active_record/query_cache.rb:36:in `call'
  activerecord (4.1.4) lib/active_record/connection_adapters/abstract/connection_pool.rb:621:in `call'
  activerecord (4.1.4) lib/active_record/migration.rb:380:in `call'
  actionpack (4.1.4) lib/action_dispatch/middleware/callbacks.rb:29:in `block in call'
  activesupport (4.1.4) lib/active_support/callbacks.rb:82:in `run_callbacks'
  actionpack (4.1.4) lib/action_dispatch/middleware/callbacks.rb:27:in `call'
  actionpack (4.1.4) lib/action_dispatch/middleware/reloader.rb:73:in `call'
  actionpack (4.1.4) lib/action_dispatch/middleware/remote_ip.rb:76:in `call'
  actionpack (4.1.4) lib/action_dispatch/middleware/debug_exceptions.rb:17:in `call'
  actionpack (4.1.4) lib/action_dispatch/middleware/show_exceptions.rb:30:in `call'
  railties (4.1.4) lib/rails/rack/logger.rb:38:in `call_app'
  railties (4.1.4) lib/rails/rack/logger.rb:20:in `block in call'
  activesupport (4.1.4) lib/active_support/tagged_logging.rb:68:in `block in tagged'
  activesupport (4.1.4) lib/active_support/tagged_logging.rb:26:in `tagged'
  activesupport (4.1.4) lib/active_support/tagged_logging.rb:68:in `tagged'
  railties (4.1.4) lib/rails/rack/logger.rb:20:in `call'
  actionpack (4.1.4) lib/action_dispatch/middleware/request_id.rb:21:in `call'
  rack (1.5.3) lib/rack/methodoverride.rb:21:in `call'
  rack (1.5.3) lib/rack/runtime.rb:17:in `call'
  activesupport (4.1.4) lib/active_support/cache/strategy/local_cache_middleware.rb:26:in `call'
  rack (1.5.3) lib/rack/lock.rb:17:in `call'
  actionpack (4.1.4) lib/action_dispatch/middleware/static.rb:64:in `call'
  rack (1.5.3) lib/rack/sendfile.rb:112:in `call'
  railties (4.1.4) lib/rails/engine.rb:514:in `call'
  railties (4.1.4) lib/rails/application.rb:144:in `call'
  rack (1.5.3) lib/rack/lock.rb:17:in `call'
  rack (1.5.3) lib/rack/content_length.rb:14:in `call'
  rack (1.5.3) lib/rack/handler/webrick.rb:60:in `service'
  C:/RailsInstaller/Ruby2.0.0/lib/ruby/2.0.0/webrick/httpserver.rb:138:in `service'
  C:/RailsInstaller/Ruby2.0.0/lib/ruby/2.0.0/webrick/httpserver.rb:94:in `run'
  C:/RailsInstaller/Ruby2.0.0/lib/ruby/2.0.0/webrick/server.rb:295:in `block in start_thread'


  Rendered C:/RailsInstaller/Ruby2.0.0/lib/ruby/gems/2.0.0/gems/actionpack-4.1.4/lib/action_dispatch/middleware/templates/rescues/missing_template.html.erb within rescues/layout (1.0ms)


Started POST "/articles" for 127.0.0.1 at 2015-05-19 19:34:07 -0700
Processing by ArticlesController#create as HTML
  Parameters: {"utf8"=>"✓", "authenticity_token"=>"IDE/ZyoXBhHQMk5Z3pAklrdjLt7lWI85A01IToz7Xkg=", "article"=>{"title"=>"Jeff", "text"=>"test"}, "commit"=>"Save Article"}
  Rendered text template (0.0ms)
Completed 200 OK in 6ms (Views: 5.0ms | ActiveRecord: 0.0ms)


Started POST "/articles" for 127.0.0.1 at 2015-05-19 19:34:10 -0700
Processing by ArticlesController#create as HTML
  Parameters: {"utf8"=>"✓", "authenticity_token"=>"IDE/ZyoXBhHQMk5Z3pAklrdjLt7lWI85A01IToz7Xkg=", "article"=>{"title"=>"Jeff", "text"=>"test"}, "commit"=>"Save Article"}
  Rendered text template (0.0ms)
Completed 200 OK in 1ms (Views: 0.0ms | ActiveRecord: 0.0ms)
  [1m[36m (5.0ms)[0m  [1mCREATE TABLE "schema_migrations" ("version" varchar(255) NOT NULL) [0m
  [1m[35m (0.0ms)[0m  select sqlite_version(*)
  [1m[36m (7.0ms)[0m  [1mCREATE UNIQUE INDEX "unique_schema_migrations" ON "schema_migrations" ("version")[0m
  [1m[35mActiveRecord::SchemaMigration Load (0.0ms)[0m  SELECT "schema_migrations".* FROM "schema_migrations"
Migrating to CreateArticles (20150520023507)
  [1m[36m (0.0ms)[0m  [1mbegin transaction[0m
  [1m[35m (1.0ms)[0m  CREATE TABLE "articles" ("id" INTEGER PRIMARY KEY AUTOINCREMENT NOT NULL, "title" varchar(255), "text" text, "created_at" datetime, "updated_at" datetime) 
  [1m[36mSQL (0.0ms)[0m  [1mINSERT INTO "schema_migrations" ("version") VALUES (?)[0m  [["version", "20150520023507"]]
  [1m[35m (5.0ms)[0m  commit transaction
  [1m[36mActiveRecord::SchemaMigration Load (0.0ms)[0m  [1mSELECT "schema_migrations".* FROM "schema_migrations"[0m


Started POST "/articles" for 127.0.0.1 at 2015-05-19 19:41:22 -0700
  [1m[36mActiveRecord::SchemaMigration Load (1.0ms)[0m  [1mSELECT "schema_migrations".* FROM "schema_migrations"[0m
Processing by ArticlesController#create as HTML
  Parameters: {"utf8"=>"✓", "authenticity_token"=>"IDE/ZyoXBhHQMk5Z3pAklrdjLt7lWI85A01IToz7Xkg=", "article"=>{"title"=>"Jeff", "text"=>"test"}, "commit"=>"Save Article"}
Completed 500 Internal Server Error in 6ms

ActiveModel::ForbiddenAttributesError (ActiveModel::ForbiddenAttributesError):
  app/controllers/articles_controller.rb:6:in `create'


  Rendered C:/RailsInstaller/Ruby2.0.0/lib/ruby/gems/2.0.0/gems/actionpack-4.1.4/lib/action_dispatch/middleware/templates/rescues/_source.erb (2.0ms)
  Rendered C:/RailsInstaller/Ruby2.0.0/lib/ruby/gems/2.0.0/gems/actionpack-4.1.4/lib/action_dispatch/middleware/templates/rescues/_trace.html.erb (2.0ms)
  Rendered C:/RailsInstaller/Ruby2.0.0/lib/ruby/gems/2.0.0/gems/actionpack-4.1.4/lib/action_dispatch/middleware/templates/rescues/_request_and_response.html.erb (1.0ms)
  Rendered C:/RailsInstaller/Ruby2.0.0/lib/ruby/gems/2.0.0/gems/actionpack-4.1.4/lib/action_dispatch/middleware/templates/rescues/diagnostics.erb within rescues/layout (55.0ms)


Started GET "/" for 127.0.0.1 at 2015-05-19 19:41:25 -0700
Processing by WelcomeController#index as HTML
  Rendered welcome/index.html.erb within layouts/application (0.0ms)
Completed 200 OK in 108ms (Views: 107.0ms | ActiveRecord: 0.0ms)


Started GET "/assets/articles.css?body=1" for 127.0.0.1 at 2015-05-19 19:41:25 -0700


Started GET "/assets/welcome.css?body=1" for 127.0.0.1 at 2015-05-19 19:41:25 -0700


Started GET "/assets/application.css?body=1" for 127.0.0.1 at 2015-05-19 19:41:25 -0700


Started GET "/assets/jquery_ujs.js?body=1" for 127.0.0.1 at 2015-05-19 19:41:25 -0700


Started GET "/assets/jquery.js?body=1" for 127.0.0.1 at 2015-05-19 19:41:25 -0700


Started GET "/assets/turbolinks.js?body=1" for 127.0.0.1 at 2015-05-19 19:41:25 -0700


Started GET "/assets/articles.js?body=1" for 127.0.0.1 at 2015-05-19 19:41:25 -0700


Started GET "/assets/welcome.js?body=1" for 127.0.0.1 at 2015-05-19 19:41:25 -0700


Started GET "/assets/application.js?body=1" for 127.0.0.1 at 2015-05-19 19:41:25 -0700


Started GET "/articles/new" for 127.0.0.1 at 2015-05-19 19:41:30 -0700
Processing by ArticlesController#new as HTML
  Rendered articles/new.html.erb within layouts/application (2.0ms)
Completed 200 OK in 87ms (Views: 86.0ms | ActiveRecord: 0.0ms)


Started GET "/assets/welcome.css?body=1" for 127.0.0.1 at 2015-05-19 19:41:30 -0700


Started GET "/assets/jquery.js?body=1" for 127.0.0.1 at 2015-05-19 19:41:30 -0700


Started GET "/assets/jquery_ujs.js?body=1" for 127.0.0.1 at 2015-05-19 19:41:30 -0700


Started GET "/assets/articles.css?body=1" for 127.0.0.1 at 2015-05-19 19:41:30 -0700


Started GET "/assets/turbolinks.js?body=1" for 127.0.0.1 at 2015-05-19 19:41:30 -0700


Started GET "/assets/application.css?body=1" for 127.0.0.1 at 2015-05-19 19:41:30 -0700


Started GET "/assets/articles.js?body=1" for 127.0.0.1 at 2015-05-19 19:41:30 -0700


Started GET "/assets/welcome.js?body=1" for 127.0.0.1 at 2015-05-19 19:41:30 -0700


Started GET "/assets/application.js?body=1" for 127.0.0.1 at 2015-05-19 19:41:30 -0700


Started GET "/articles/new" for 127.0.0.1 at 2015-05-19 19:41:31 -0700
Processing by ArticlesController#new as HTML
  Rendered articles/new.html.erb within layouts/application (1.0ms)
Completed 200 OK in 107ms (Views: 106.0ms | ActiveRecord: 0.0ms)


Started GET "/assets/articles.css?body=1" for 127.0.0.1 at 2015-05-19 19:41:31 -0700


Started GET "/assets/application.css?body=1" for 127.0.0.1 at 2015-05-19 19:41:31 -0700


Started GET "/assets/welcome.css?body=1" for 127.0.0.1 at 2015-05-19 19:41:31 -0700


Started GET "/assets/jquery.js?body=1" for 127.0.0.1 at 2015-05-19 19:41:31 -0700


Started GET "/assets/turbolinks.js?body=1" for 127.0.0.1 at 2015-05-19 19:41:31 -0700


Started GET "/assets/jquery_ujs.js?body=1" for 127.0.0.1 at 2015-05-19 19:41:31 -0700


Started GET "/assets/articles.js?body=1" for 127.0.0.1 at 2015-05-19 19:41:31 -0700


Started GET "/assets/welcome.js?body=1" for 127.0.0.1 at 2015-05-19 19:41:31 -0700


Started GET "/assets/application.js?body=1" for 127.0.0.1 at 2015-05-19 19:41:31 -0700


Started GET "/articles/new" for 127.0.0.1 at 2015-05-19 19:41:34 -0700
Processing by ArticlesController#new as HTML
  Rendered articles/new.html.erb within layouts/application (2.0ms)
Completed 200 OK in 81ms (Views: 80.0ms | ActiveRecord: 0.0ms)


Started GET "/assets/articles.css?body=1" for 127.0.0.1 at 2015-05-19 19:41:34 -0700


Started GET "/assets/jquery_ujs.js?body=1" for 127.0.0.1 at 2015-05-19 19:41:34 -0700


Started GET "/assets/welcome.css?body=1" for 127.0.0.1 at 2015-05-19 19:41:34 -0700


Started GET "/assets/jquery.js?body=1" for 127.0.0.1 at 2015-05-19 19:41:34 -0700


Started GET "/assets/turbolinks.js?body=1" for 127.0.0.1 at 2015-05-19 19:41:34 -0700


Started GET "/assets/application.css?body=1" for 127.0.0.1 at 2015-05-19 19:41:34 -0700


Started GET "/assets/articles.js?body=1" for 127.0.0.1 at 2015-05-19 19:41:34 -0700


Started GET "/assets/welcome.js?body=1" for 127.0.0.1 at 2015-05-19 19:41:34 -0700


Started GET "/assets/application.js?body=1" for 127.0.0.1 at 2015-05-19 19:41:34 -0700


Started POST "/articles" for 127.0.0.1 at 2015-05-19 19:41:39 -0700
Processing by ArticlesController#create as HTML
  Parameters: {"utf8"=>"✓", "authenticity_token"=>"IDE/ZyoXBhHQMk5Z3pAklrdjLt7lWI85A01IToz7Xkg=", "article"=>{"title"=>"test", "text"=>"test"}, "commit"=>"Save Article"}
Completed 500 Internal Server Error in 1ms

ActiveModel::ForbiddenAttributesError (ActiveModel::ForbiddenAttributesError):
  app/controllers/articles_controller.rb:6:in `create'


  Rendered C:/RailsInstaller/Ruby2.0.0/lib/ruby/gems/2.0.0/gems/actionpack-4.1.4/lib/action_dispatch/middleware/templates/rescues/_source.erb (1.0ms)
  Rendered C:/RailsInstaller/Ruby2.0.0/lib/ruby/gems/2.0.0/gems/actionpack-4.1.4/lib/action_dispatch/middleware/templates/rescues/_trace.html.erb (2.0ms)
  Rendered C:/RailsInstaller/Ruby2.0.0/lib/ruby/gems/2.0.0/gems/actionpack-4.1.4/lib/action_dispatch/middleware/templates/rescues/_request_and_response.html.erb (1.0ms)
  Rendered C:/RailsInstaller/Ruby2.0.0/lib/ruby/gems/2.0.0/gems/actionpack-4.1.4/lib/action_dispatch/middleware/templates/rescues/diagnostics.erb within rescues/layout (53.0ms)


Started POST "/articles" for 127.0.0.1 at 2015-05-19 19:44:33 -0700
Processing by ArticlesController#create as HTML
  Parameters: {"utf8"=>"✓", "authenticity_token"=>"IDE/ZyoXBhHQMk5Z3pAklrdjLt7lWI85A01IToz7Xkg=", "article"=>{"title"=>"test", "text"=>"test"}, "commit"=>"Save Article"}
  [1m[35m (0.0ms)[0m  begin transaction
  [1m[36mSQL (1.0ms)[0m  [1mINSERT INTO "articles" ("created_at", "text", "title", "updated_at") VALUES (?, ?, ?, ?)[0m  [["created_at", "2015-05-20 02:44:33.842497"], ["text", "test"], ["title", "test"], ["updated_at", "2015-05-20 02:44:33.842497"]]
  [1m[35m (2.0ms)[0m  commit transaction
Redirected to http://localhost:3000/articles/1
Completed 302 Found in 33ms (ActiveRecord: 5.0ms)


Started GET "/articles/1" for 127.0.0.1 at 2015-05-19 19:44:33 -0700

AbstractController::ActionNotFound (The action 'show' could not be found for ArticlesController):
  actionpack (4.1.4) lib/abstract_controller/base.rb:131:in `process'
  actionview (4.1.4) lib/action_view/rendering.rb:30:in `process'
  actionpack (4.1.4) lib/action_controller/metal.rb:196:in `dispatch'
  actionpack (4.1.4) lib/action_controller/metal/rack_delegation.rb:13:in `dispatch'
  actionpack (4.1.4) lib/action_controller/metal.rb:232:in `block in action'
  actionpack (4.1.4) lib/action_dispatch/routing/route_set.rb:82:in `call'
  actionpack (4.1.4) lib/action_dispatch/routing/route_set.rb:82:in `dispatch'
  actionpack (4.1.4) lib/action_dispatch/routing/route_set.rb:50:in `call'
  actionpack (4.1.4) lib/action_dispatch/journey/router.rb:71:in `block in call'
  actionpack (4.1.4) lib/action_dispatch/journey/router.rb:59:in `each'
  actionpack (4.1.4) lib/action_dispatch/journey/router.rb:59:in `call'
  actionpack (4.1.4) lib/action_dispatch/routing/route_set.rb:678:in `call'
  rack (1.5.3) lib/rack/etag.rb:23:in `call'
  rack (1.5.3) lib/rack/conditionalget.rb:25:in `call'
  rack (1.5.3) lib/rack/head.rb:11:in `call'
  actionpack (4.1.4) lib/action_dispatch/middleware/params_parser.rb:27:in `call'
  actionpack (4.1.4) lib/action_dispatch/middleware/flash.rb:254:in `call'
  rack (1.5.3) lib/rack/session/abstract/id.rb:225:in `context'
  rack (1.5.3) lib/rack/session/abstract/id.rb:220:in `call'
  actionpack (4.1.4) lib/action_dispatch/middleware/cookies.rb:560:in `call'
  activerecord (4.1.4) lib/active_record/query_cache.rb:36:in `call'
  activerecord (4.1.4) lib/active_record/connection_adapters/abstract/connection_pool.rb:621:in `call'
  activerecord (4.1.4) lib/active_record/migration.rb:380:in `call'
  actionpack (4.1.4) lib/action_dispatch/middleware/callbacks.rb:29:in `block in call'
  activesupport (4.1.4) lib/active_support/callbacks.rb:82:in `run_callbacks'
  actionpack (4.1.4) lib/action_dispatch/middleware/callbacks.rb:27:in `call'
  actionpack (4.1.4) lib/action_dispatch/middleware/reloader.rb:73:in `call'
  actionpack (4.1.4) lib/action_dispatch/middleware/remote_ip.rb:76:in `call'
  actionpack (4.1.4) lib/action_dispatch/middleware/debug_exceptions.rb:17:in `call'
  actionpack (4.1.4) lib/action_dispatch/middleware/show_exceptions.rb:30:in `call'
  railties (4.1.4) lib/rails/rack/logger.rb:38:in `call_app'
  railties (4.1.4) lib/rails/rack/logger.rb:20:in `block in call'
  activesupport (4.1.4) lib/active_support/tagged_logging.rb:68:in `block in tagged'
  activesupport (4.1.4) lib/active_support/tagged_logging.rb:26:in `tagged'
  activesupport (4.1.4) lib/active_support/tagged_logging.rb:68:in `tagged'
  railties (4.1.4) lib/rails/rack/logger.rb:20:in `call'
  actionpack (4.1.4) lib/action_dispatch/middleware/request_id.rb:21:in `call'
  rack (1.5.3) lib/rack/methodoverride.rb:21:in `call'
  rack (1.5.3) lib/rack/runtime.rb:17:in `call'
  activesupport (4.1.4) lib/active_support/cache/strategy/local_cache_middleware.rb:26:in `call'
  rack (1.5.3) lib/rack/lock.rb:17:in `call'
  actionpack (4.1.4) lib/action_dispatch/middleware/static.rb:64:in `call'
  rack (1.5.3) lib/rack/sendfile.rb:112:in `call'
  railties (4.1.4) lib/rails/engine.rb:514:in `call'
  railties (4.1.4) lib/rails/application.rb:144:in `call'
  rack (1.5.3) lib/rack/lock.rb:17:in `call'
  rack (1.5.3) lib/rack/content_length.rb:14:in `call'
  rack (1.5.3) lib/rack/handler/webrick.rb:60:in `service'
  C:/RailsInstaller/Ruby2.0.0/lib/ruby/2.0.0/webrick/httpserver.rb:138:in `service'
  C:/RailsInstaller/Ruby2.0.0/lib/ruby/2.0.0/webrick/httpserver.rb:94:in `run'
  C:/RailsInstaller/Ruby2.0.0/lib/ruby/2.0.0/webrick/server.rb:295:in `block in start_thread'


  Rendered C:/RailsInstaller/Ruby2.0.0/lib/ruby/gems/2.0.0/gems/actionpack-4.1.4/lib/action_dispatch/middleware/templates/rescues/unknown_action.html.erb within rescues/layout (1.0ms)


Started POST "/articles" for 127.0.0.1 at 2015-05-19 19:45:39 -0700
Processing by ArticlesController#create as HTML
  Parameters: {"utf8"=>"✓", "authenticity_token"=>"IDE/ZyoXBhHQMk5Z3pAklrdjLt7lWI85A01IToz7Xkg=", "article"=>{"title"=>"test", "text"=>"test"}, "commit"=>"Save Article"}
  [1m[36m (0.0ms)[0m  [1mbegin transaction[0m
  [1m[35mSQL (1.0ms)[0m  INSERT INTO "articles" ("created_at", "text", "title", "updated_at") VALUES (?, ?, ?, ?)  [["created_at", "2015-05-20 02:45:39.253238"], ["text", "test"], ["title", "test"], ["updated_at", "2015-05-20 02:45:39.253238"]]
  [1m[36m (3.0ms)[0m  [1mcommit transaction[0m
Redirected to http://localhost:3000/articles/2
Completed 302 Found in 21ms (ActiveRecord: 6.0ms)


Started GET "/articles/2" for 127.0.0.1 at 2015-05-19 19:45:39 -0700
Processing by ArticlesController#show as HTML
  Parameters: {"id"=>"2"}
  [1m[35mArticle Load (0.0ms)[0m  SELECT  "articles".* FROM "articles"  WHERE "articles"."id" = ? LIMIT 1  [["id", 2]]
  Rendered articles/show.html.erb within layouts/application (1.0ms)
Completed 200 OK in 111ms (Views: 108.0ms | ActiveRecord: 0.0ms)


Started GET "/assets/welcome.css?body=1" for 127.0.0.1 at 2015-05-19 19:45:39 -0700


Started GET "/assets/jquery.js?body=1" for 127.0.0.1 at 2015-05-19 19:45:39 -0700


Started GET "/assets/turbolinks.js?body=1" for 127.0.0.1 at 2015-05-19 19:45:39 -0700


Started GET "/assets/jquery_ujs.js?body=1" for 127.0.0.1 at 2015-05-19 19:45:39 -0700


Started GET "/assets/application.css?body=1" for 127.0.0.1 at 2015-05-19 19:45:39 -0700


Started GET "/assets/articles.css?body=1" for 127.0.0.1 at 2015-05-19 19:45:39 -0700


Started GET "/assets/articles.js?body=1" for 127.0.0.1 at 2015-05-19 19:45:39 -0700


Started GET "/assets/welcome.js?body=1" for 127.0.0.1 at 2015-05-19 19:45:39 -0700


Started GET "/assets/application.js?body=1" for 127.0.0.1 at 2015-05-19 19:45:39 -0700


Started POST "/articles" for 127.0.0.1 at 2015-05-19 19:45:53 -0700
Processing by ArticlesController#create as HTML
  Parameters: {"utf8"=>"✓", "authenticity_token"=>"IDE/ZyoXBhHQMk5Z3pAklrdjLt7lWI85A01IToz7Xkg=", "article"=>{"title"=>"Rails is awesome", "text"=>"it really is\r\n"}, "commit"=>"Save Article"}
  [1m[36m (0.0ms)[0m  [1mbegin transaction[0m
  [1m[35mSQL (1.0ms)[0m  INSERT INTO "articles" ("created_at", "text", "title", "updated_at") VALUES (?, ?, ?, ?)  [["created_at", "2015-05-20 02:45:53.918077"], ["text", "it really is\r\n"], ["title", "Rails is awesome"], ["updated_at", "2015-05-20 02:45:53.918077"]]
  [1m[36m (4.0ms)[0m  [1mcommit transaction[0m
Redirected to http://localhost:3000/articles/3
Completed 302 Found in 11ms (ActiveRecord: 5.0ms)


Started GET "/articles/3" for 127.0.0.1 at 2015-05-19 19:45:53 -0700
Processing by ArticlesController#show as HTML
  Parameters: {"id"=>"3"}
  [1m[35mArticle Load (0.0ms)[0m  SELECT  "articles".* FROM "articles"  WHERE "articles"."id" = ? LIMIT 1  [["id", 3]]
  Rendered articles/show.html.erb within layouts/application (0.0ms)
Completed 200 OK in 110ms (Views: 108.0ms | ActiveRecord: 0.0ms)


Started GET "/assets/application.css?body=1" for 127.0.0.1 at 2015-05-19 19:45:54 -0700


Started GET "/assets/jquery_ujs.js?body=1" for 127.0.0.1 at 2015-05-19 19:45:54 -0700


Started GET "/assets/turbolinks.js?body=1" for 127.0.0.1 at 2015-05-19 19:45:54 -0700


Started GET "/assets/welcome.css?body=1" for 127.0.0.1 at 2015-05-19 19:45:54 -0700


Started GET "/assets/jquery.js?body=1" for 127.0.0.1 at 2015-05-19 19:45:54 -0700


Started GET "/assets/articles.css?body=1" for 127.0.0.1 at 2015-05-19 19:45:54 -0700


Started GET "/assets/articles.js?body=1" for 127.0.0.1 at 2015-05-19 19:45:54 -0700


Started GET "/assets/welcome.js?body=1" for 127.0.0.1 at 2015-05-19 19:45:54 -0700


Started GET "/assets/application.js?body=1" for 127.0.0.1 at 2015-05-19 19:45:54 -0700


Started GET "/articles/3" for 127.0.0.1 at 2015-05-19 19:46:34 -0700
Processing by ArticlesController#show as HTML
  Parameters: {"id"=>"3"}
  [1m[36mArticle Load (0.0ms)[0m  [1mSELECT  "articles".* FROM "articles"  WHERE "articles"."id" = ? LIMIT 1[0m  [["id", 3]]
  Rendered articles/show.html.erb within layouts/application (0.0ms)
Completed 200 OK in 123ms (Views: 109.0ms | ActiveRecord: 2.0ms)


Started GET "/assets/articles.css?body=1" for 127.0.0.1 at 2015-05-19 19:46:34 -0700


Started GET "/assets/welcome.css?body=1" for 127.0.0.1 at 2015-05-19 19:46:34 -0700


Started GET "/assets/application.css?body=1" for 127.0.0.1 at 2015-05-19 19:46:34 -0700


Started GET "/assets/jquery_ujs.js?body=1" for 127.0.0.1 at 2015-05-19 19:46:34 -0700


Started GET "/assets/jquery.js?body=1" for 127.0.0.1 at 2015-05-19 19:46:34 -0700


Started GET "/assets/turbolinks.js?body=1" for 127.0.0.1 at 2015-05-19 19:46:34 -0700


Started GET "/assets/articles.js?body=1" for 127.0.0.1 at 2015-05-19 19:46:34 -0700


Started GET "/assets/welcome.js?body=1" for 127.0.0.1 at 2015-05-19 19:46:34 -0700


Started GET "/assets/application.js?body=1" for 127.0.0.1 at 2015-05-19 19:46:34 -0700


Started GET "/index" for 127.0.0.1 at 2015-05-19 19:46:36 -0700

ActionController::RoutingError (No route matches [GET] "/index"):
  actionpack (4.1.4) lib/action_dispatch/middleware/debug_exceptions.rb:21:in `call'
  actionpack (4.1.4) lib/action_dispatch/middleware/show_exceptions.rb:30:in `call'
  railties (4.1.4) lib/rails/rack/logger.rb:38:in `call_app'
  railties (4.1.4) lib/rails/rack/logger.rb:20:in `block in call'
  activesupport (4.1.4) lib/active_support/tagged_logging.rb:68:in `block in tagged'
  activesupport (4.1.4) lib/active_support/tagged_logging.rb:26:in `tagged'
  activesupport (4.1.4) lib/active_support/tagged_logging.rb:68:in `tagged'
  railties (4.1.4) lib/rails/rack/logger.rb:20:in `call'
  actionpack (4.1.4) lib/action_dispatch/middleware/request_id.rb:21:in `call'
  rack (1.5.3) lib/rack/methodoverride.rb:21:in `call'
  rack (1.5.3) lib/rack/runtime.rb:17:in `call'
  activesupport (4.1.4) lib/active_support/cache/strategy/local_cache_middleware.rb:26:in `call'
  rack (1.5.3) lib/rack/lock.rb:17:in `call'
  actionpack (4.1.4) lib/action_dispatch/middleware/static.rb:64:in `call'
  rack (1.5.3) lib/rack/sendfile.rb:112:in `call'
  railties (4.1.4) lib/rails/engine.rb:514:in `call'
  railties (4.1.4) lib/rails/application.rb:144:in `call'
  rack (1.5.3) lib/rack/lock.rb:17:in `call'
  rack (1.5.3) lib/rack/content_length.rb:14:in `call'
  rack (1.5.3) lib/rack/handler/webrick.rb:60:in `service'
  C:/RailsInstaller/Ruby2.0.0/lib/ruby/2.0.0/webrick/httpserver.rb:138:in `service'
  C:/RailsInstaller/Ruby2.0.0/lib/ruby/2.0.0/webrick/httpserver.rb:94:in `run'
  C:/RailsInstaller/Ruby2.0.0/lib/ruby/2.0.0/webrick/server.rb:295:in `block in start_thread'


  Rendered C:/RailsInstaller/Ruby2.0.0/lib/ruby/gems/2.0.0/gems/actionpack-4.1.4/lib/action_dispatch/middleware/templates/rescues/_trace.html.erb (2.0ms)
  Rendered C:/RailsInstaller/Ruby2.0.0/lib/ruby/gems/2.0.0/gems/actionpack-4.1.4/lib/action_dispatch/middleware/templates/routes/_route.html.erb (2.0ms)
  Rendered C:/RailsInstaller/Ruby2.0.0/lib/ruby/gems/2.0.0/gems/actionpack-4.1.4/lib/action_dispatch/middleware/templates/routes/_table.html.erb (5.0ms)
  Rendered C:/RailsInstaller/Ruby2.0.0/lib/ruby/gems/2.0.0/gems/actionpack-4.1.4/lib/action_dispatch/middleware/templates/rescues/routing_error.html.erb within rescues/layout (78.0ms)


Started GET "/index" for 127.0.0.1 at 2015-05-19 19:47:25 -0700

ActionController::RoutingError (No route matches [GET] "/index"):
  actionpack (4.1.4) lib/action_dispatch/middleware/debug_exceptions.rb:21:in `call'
  actionpack (4.1.4) lib/action_dispatch/middleware/show_exceptions.rb:30:in `call'
  railties (4.1.4) lib/rails/rack/logger.rb:38:in `call_app'
  railties (4.1.4) lib/rails/rack/logger.rb:20:in `block in call'
  activesupport (4.1.4) lib/active_support/tagged_logging.rb:68:in `block in tagged'
  activesupport (4.1.4) lib/active_support/tagged_logging.rb:26:in `tagged'
  activesupport (4.1.4) lib/active_support/tagged_logging.rb:68:in `tagged'
  railties (4.1.4) lib/rails/rack/logger.rb:20:in `call'
  actionpack (4.1.4) lib/action_dispatch/middleware/request_id.rb:21:in `call'
  rack (1.5.3) lib/rack/methodoverride.rb:21:in `call'
  rack (1.5.3) lib/rack/runtime.rb:17:in `call'
  activesupport (4.1.4) lib/active_support/cache/strategy/local_cache_middleware.rb:26:in `call'
  rack (1.5.3) lib/rack/lock.rb:17:in `call'
  actionpack (4.1.4) lib/action_dispatch/middleware/static.rb:64:in `call'
  rack (1.5.3) lib/rack/sendfile.rb:112:in `call'
  railties (4.1.4) lib/rails/engine.rb:514:in `call'
  railties (4.1.4) lib/rails/application.rb:144:in `call'
  rack (1.5.3) lib/rack/lock.rb:17:in `call'
  rack (1.5.3) lib/rack/content_length.rb:14:in `call'
  rack (1.5.3) lib/rack/handler/webrick.rb:60:in `service'
  C:/RailsInstaller/Ruby2.0.0/lib/ruby/2.0.0/webrick/httpserver.rb:138:in `service'
  C:/RailsInstaller/Ruby2.0.0/lib/ruby/2.0.0/webrick/httpserver.rb:94:in `run'
  C:/RailsInstaller/Ruby2.0.0/lib/ruby/2.0.0/webrick/server.rb:295:in `block in start_thread'


  Rendered C:/RailsInstaller/Ruby2.0.0/lib/ruby/gems/2.0.0/gems/actionpack-4.1.4/lib/action_dispatch/middleware/templates/rescues/_trace.html.erb (2.0ms)
  Rendered C:/RailsInstaller/Ruby2.0.0/lib/ruby/gems/2.0.0/gems/actionpack-4.1.4/lib/action_dispatch/middleware/templates/routes/_route.html.erb (2.0ms)
  Rendered C:/RailsInstaller/Ruby2.0.0/lib/ruby/gems/2.0.0/gems/actionpack-4.1.4/lib/action_dispatch/middleware/templates/routes/_table.html.erb (2.0ms)
  Rendered C:/RailsInstaller/Ruby2.0.0/lib/ruby/gems/2.0.0/gems/actionpack-4.1.4/lib/action_dispatch/middleware/templates/rescues/routing_error.html.erb within rescues/layout (71.0ms)


Started GET "/index" for 127.0.0.1 at 2015-05-19 19:47:25 -0700

ActionController::RoutingError (No route matches [GET] "/index"):
  actionpack (4.1.4) lib/action_dispatch/middleware/debug_exceptions.rb:21:in `call'
  actionpack (4.1.4) lib/action_dispatch/middleware/show_exceptions.rb:30:in `call'
  railties (4.1.4) lib/rails/rack/logger.rb:38:in `call_app'
  railties (4.1.4) lib/rails/rack/logger.rb:20:in `block in call'
  activesupport (4.1.4) lib/active_support/tagged_logging.rb:68:in `block in tagged'
  activesupport (4.1.4) lib/active_support/tagged_logging.rb:26:in `tagged'
  activesupport (4.1.4) lib/active_support/tagged_logging.rb:68:in `tagged'
  railties (4.1.4) lib/rails/rack/logger.rb:20:in `call'
  actionpack (4.1.4) lib/action_dispatch/middleware/request_id.rb:21:in `call'
  rack (1.5.3) lib/rack/methodoverride.rb:21:in `call'
  rack (1.5.3) lib/rack/runtime.rb:17:in `call'
  activesupport (4.1.4) lib/active_support/cache/strategy/local_cache_middleware.rb:26:in `call'
  rack (1.5.3) lib/rack/lock.rb:17:in `call'
  actionpack (4.1.4) lib/action_dispatch/middleware/static.rb:64:in `call'
  rack (1.5.3) lib/rack/sendfile.rb:112:in `call'
  railties (4.1.4) lib/rails/engine.rb:514:in `call'
  railties (4.1.4) lib/rails/application.rb:144:in `call'
  rack (1.5.3) lib/rack/lock.rb:17:in `call'
  rack (1.5.3) lib/rack/content_length.rb:14:in `call'
  rack (1.5.3) lib/rack/handler/webrick.rb:60:in `service'
  C:/RailsInstaller/Ruby2.0.0/lib/ruby/2.0.0/webrick/httpserver.rb:138:in `service'
  C:/RailsInstaller/Ruby2.0.0/lib/ruby/2.0.0/webrick/httpserver.rb:94:in `run'
  C:/RailsInstaller/Ruby2.0.0/lib/ruby/2.0.0/webrick/server.rb:295:in `block in start_thread'


  Rendered C:/RailsInstaller/Ruby2.0.0/lib/ruby/gems/2.0.0/gems/actionpack-4.1.4/lib/action_dispatch/middleware/templates/rescues/_trace.html.erb (27.0ms)
  Rendered C:/RailsInstaller/Ruby2.0.0/lib/ruby/gems/2.0.0/gems/actionpack-4.1.4/lib/action_dispatch/middleware/templates/routes/_route.html.erb (2.0ms)
  Rendered C:/RailsInstaller/Ruby2.0.0/lib/ruby/gems/2.0.0/gems/actionpack-4.1.4/lib/action_dispatch/middleware/templates/routes/_table.html.erb (2.0ms)
  Rendered C:/RailsInstaller/Ruby2.0.0/lib/ruby/gems/2.0.0/gems/actionpack-4.1.4/lib/action_dispatch/middleware/templates/rescues/routing_error.html.erb within rescues/layout (97.0ms)


Started GET "/index" for 127.0.0.1 at 2015-05-19 19:47:26 -0700

ActionController::RoutingError (No route matches [GET] "/index"):
  actionpack (4.1.4) lib/action_dispatch/middleware/debug_exceptions.rb:21:in `call'
  actionpack (4.1.4) lib/action_dispatch/middleware/show_exceptions.rb:30:in `call'
  railties (4.1.4) lib/rails/rack/logger.rb:38:in `call_app'
  railties (4.1.4) lib/rails/rack/logger.rb:20:in `block in call'
  activesupport (4.1.4) lib/active_support/tagged_logging.rb:68:in `block in tagged'
  activesupport (4.1.4) lib/active_support/tagged_logging.rb:26:in `tagged'
  activesupport (4.1.4) lib/active_support/tagged_logging.rb:68:in `tagged'
  railties (4.1.4) lib/rails/rack/logger.rb:20:in `call'
  actionpack (4.1.4) lib/action_dispatch/middleware/request_id.rb:21:in `call'
  rack (1.5.3) lib/rack/methodoverride.rb:21:in `call'
  rack (1.5.3) lib/rack/runtime.rb:17:in `call'
  activesupport (4.1.4) lib/active_support/cache/strategy/local_cache_middleware.rb:26:in `call'
  rack (1.5.3) lib/rack/lock.rb:17:in `call'
  actionpack (4.1.4) lib/action_dispatch/middleware/static.rb:64:in `call'
  rack (1.5.3) lib/rack/sendfile.rb:112:in `call'
  railties (4.1.4) lib/rails/engine.rb:514:in `call'
  railties (4.1.4) lib/rails/application.rb:144:in `call'
  rack (1.5.3) lib/rack/lock.rb:17:in `call'
  rack (1.5.3) lib/rack/content_length.rb:14:in `call'
  rack (1.5.3) lib/rack/handler/webrick.rb:60:in `service'
  C:/RailsInstaller/Ruby2.0.0/lib/ruby/2.0.0/webrick/httpserver.rb:138:in `service'
  C:/RailsInstaller/Ruby2.0.0/lib/ruby/2.0.0/webrick/httpserver.rb:94:in `run'
  C:/RailsInstaller/Ruby2.0.0/lib/ruby/2.0.0/webrick/server.rb:295:in `block in start_thread'


  Rendered C:/RailsInstaller/Ruby2.0.0/lib/ruby/gems/2.0.0/gems/actionpack-4.1.4/lib/action_dispatch/middleware/templates/rescues/_trace.html.erb (1.0ms)
  Rendered C:/RailsInstaller/Ruby2.0.0/lib/ruby/gems/2.0.0/gems/actionpack-4.1.4/lib/action_dispatch/middleware/templates/routes/_route.html.erb (2.0ms)
  Rendered C:/RailsInstaller/Ruby2.0.0/lib/ruby/gems/2.0.0/gems/actionpack-4.1.4/lib/action_dispatch/middleware/templates/routes/_table.html.erb (2.0ms)
  Rendered C:/RailsInstaller/Ruby2.0.0/lib/ruby/gems/2.0.0/gems/actionpack-4.1.4/lib/action_dispatch/middleware/templates/rescues/routing_error.html.erb within rescues/layout (71.0ms)


Started GET "/index" for 127.0.0.1 at 2015-05-19 19:47:26 -0700

ActionController::RoutingError (No route matches [GET] "/index"):
  actionpack (4.1.4) lib/action_dispatch/middleware/debug_exceptions.rb:21:in `call'
  actionpack (4.1.4) lib/action_dispatch/middleware/show_exceptions.rb:30:in `call'
  railties (4.1.4) lib/rails/rack/logger.rb:38:in `call_app'
  railties (4.1.4) lib/rails/rack/logger.rb:20:in `block in call'
  activesupport (4.1.4) lib/active_support/tagged_logging.rb:68:in `block in tagged'
  activesupport (4.1.4) lib/active_support/tagged_logging.rb:26:in `tagged'
  activesupport (4.1.4) lib/active_support/tagged_logging.rb:68:in `tagged'
  railties (4.1.4) lib/rails/rack/logger.rb:20:in `call'
  actionpack (4.1.4) lib/action_dispatch/middleware/request_id.rb:21:in `call'
  rack (1.5.3) lib/rack/methodoverride.rb:21:in `call'
  rack (1.5.3) lib/rack/runtime.rb:17:in `call'
  activesupport (4.1.4) lib/active_support/cache/strategy/local_cache_middleware.rb:26:in `call'
  rack (1.5.3) lib/rack/lock.rb:17:in `call'
  actionpack (4.1.4) lib/action_dispatch/middleware/static.rb:64:in `call'
  rack (1.5.3) lib/rack/sendfile.rb:112:in `call'
  railties (4.1.4) lib/rails/engine.rb:514:in `call'
  railties (4.1.4) lib/rails/application.rb:144:in `call'
  rack (1.5.3) lib/rack/lock.rb:17:in `call'
  rack (1.5.3) lib/rack/content_length.rb:14:in `call'
  rack (1.5.3) lib/rack/handler/webrick.rb:60:in `service'
  C:/RailsInstaller/Ruby2.0.0/lib/ruby/2.0.0/webrick/httpserver.rb:138:in `service'
  C:/RailsInstaller/Ruby2.0.0/lib/ruby/2.0.0/webrick/httpserver.rb:94:in `run'
  C:/RailsInstaller/Ruby2.0.0/lib/ruby/2.0.0/webrick/server.rb:295:in `block in start_thread'


  Rendered C:/RailsInstaller/Ruby2.0.0/lib/ruby/gems/2.0.0/gems/actionpack-4.1.4/lib/action_dispatch/middleware/templates/rescues/_trace.html.erb (2.0ms)
  Rendered C:/RailsInstaller/Ruby2.0.0/lib/ruby/gems/2.0.0/gems/actionpack-4.1.4/lib/action_dispatch/middleware/templates/routes/_route.html.erb (2.0ms)
  Rendered C:/RailsInstaller/Ruby2.0.0/lib/ruby/gems/2.0.0/gems/actionpack-4.1.4/lib/action_dispatch/middleware/templates/routes/_table.html.erb (1.0ms)
  Rendered C:/RailsInstaller/Ruby2.0.0/lib/ruby/gems/2.0.0/gems/actionpack-4.1.4/lib/action_dispatch/middleware/templates/rescues/routing_error.html.erb within rescues/layout (71.0ms)


Started GET "/articles" for 127.0.0.1 at 2015-05-19 19:47:34 -0700
Processing by ArticlesController#index as HTML
  [1m[35mArticle Load (0.0ms)[0m  SELECT "articles".* FROM "articles"
  Rendered articles/index.html.erb within layouts/application (2.0ms)
Completed 200 OK in 112ms (Views: 111.0ms | ActiveRecord: 0.0ms)


Started GET "/assets/articles.css?body=1" for 127.0.0.1 at 2015-05-19 19:47:34 -0700


Started GET "/assets/turbolinks.js?body=1" for 127.0.0.1 at 2015-05-19 19:47:34 -0700


Started GET "/assets/application.css?body=1" for 127.0.0.1 at 2015-05-19 19:47:34 -0700


Started GET "/assets/jquery.js?body=1" for 127.0.0.1 at 2015-05-19 19:47:34 -0700


Started GET "/assets/welcome.css?body=1" for 127.0.0.1 at 2015-05-19 19:47:34 -0700


Started GET "/assets/jquery_ujs.js?body=1" for 127.0.0.1 at 2015-05-19 19:47:34 -0700


Started GET "/assets/articles.js?body=1" for 127.0.0.1 at 2015-05-19 19:47:34 -0700


Started GET "/assets/welcome.js?body=1" for 127.0.0.1 at 2015-05-19 19:47:34 -0700


Started GET "/assets/application.js?body=1" for 127.0.0.1 at 2015-05-19 19:47:34 -0700


Started GET "/article" for 127.0.0.1 at 2015-05-19 19:47:54 -0700

ActionController::RoutingError (No route matches [GET] "/article"):
  actionpack (4.1.4) lib/action_dispatch/middleware/debug_exceptions.rb:21:in `call'
  actionpack (4.1.4) lib/action_dispatch/middleware/show_exceptions.rb:30:in `call'
  railties (4.1.4) lib/rails/rack/logger.rb:38:in `call_app'
  railties (4.1.4) lib/rails/rack/logger.rb:20:in `block in call'
  activesupport (4.1.4) lib/active_support/tagged_logging.rb:68:in `block in tagged'
  activesupport (4.1.4) lib/active_support/tagged_logging.rb:26:in `tagged'
  activesupport (4.1.4) lib/active_support/tagged_logging.rb:68:in `tagged'
  railties (4.1.4) lib/rails/rack/logger.rb:20:in `call'
  actionpack (4.1.4) lib/action_dispatch/middleware/request_id.rb:21:in `call'
  rack (1.5.3) lib/rack/methodoverride.rb:21:in `call'
  rack (1.5.3) lib/rack/runtime.rb:17:in `call'
  activesupport (4.1.4) lib/active_support/cache/strategy/local_cache_middleware.rb:26:in `call'
  rack (1.5.3) lib/rack/lock.rb:17:in `call'
  actionpack (4.1.4) lib/action_dispatch/middleware/static.rb:64:in `call'
  rack (1.5.3) lib/rack/sendfile.rb:112:in `call'
  railties (4.1.4) lib/rails/engine.rb:514:in `call'
  railties (4.1.4) lib/rails/application.rb:144:in `call'
  rack (1.5.3) lib/rack/lock.rb:17:in `call'
  rack (1.5.3) lib/rack/content_length.rb:14:in `call'
  rack (1.5.3) lib/rack/handler/webrick.rb:60:in `service'
  C:/RailsInstaller/Ruby2.0.0/lib/ruby/2.0.0/webrick/httpserver.rb:138:in `service'
  C:/RailsInstaller/Ruby2.0.0/lib/ruby/2.0.0/webrick/httpserver.rb:94:in `run'
  C:/RailsInstaller/Ruby2.0.0/lib/ruby/2.0.0/webrick/server.rb:295:in `block in start_thread'


  Rendered C:/RailsInstaller/Ruby2.0.0/lib/ruby/gems/2.0.0/gems/actionpack-4.1.4/lib/action_dispatch/middleware/templates/rescues/_trace.html.erb (2.0ms)
  Rendered C:/RailsInstaller/Ruby2.0.0/lib/ruby/gems/2.0.0/gems/actionpack-4.1.4/lib/action_dispatch/middleware/templates/routes/_route.html.erb (2.0ms)
  Rendered C:/RailsInstaller/Ruby2.0.0/lib/ruby/gems/2.0.0/gems/actionpack-4.1.4/lib/action_dispatch/middleware/templates/routes/_table.html.erb (1.0ms)
  Rendered C:/RailsInstaller/Ruby2.0.0/lib/ruby/gems/2.0.0/gems/actionpack-4.1.4/lib/action_dispatch/middleware/templates/rescues/routing_error.html.erb within rescues/layout (70.0ms)


Started GET "/article/new" for 127.0.0.1 at 2015-05-19 19:47:57 -0700

ActionController::RoutingError (No route matches [GET] "/article/new"):
  actionpack (4.1.4) lib/action_dispatch/middleware/debug_exceptions.rb:21:in `call'
  actionpack (4.1.4) lib/action_dispatch/middleware/show_exceptions.rb:30:in `call'
  railties (4.1.4) lib/rails/rack/logger.rb:38:in `call_app'
  railties (4.1.4) lib/rails/rack/logger.rb:20:in `block in call'
  activesupport (4.1.4) lib/active_support/tagged_logging.rb:68:in `block in tagged'
  activesupport (4.1.4) lib/active_support/tagged_logging.rb:26:in `tagged'
  activesupport (4.1.4) lib/active_support/tagged_logging.rb:68:in `tagged'
  railties (4.1.4) lib/rails/rack/logger.rb:20:in `call'
  actionpack (4.1.4) lib/action_dispatch/middleware/request_id.rb:21:in `call'
  rack (1.5.3) lib/rack/methodoverride.rb:21:in `call'
  rack (1.5.3) lib/rack/runtime.rb:17:in `call'
  activesupport (4.1.4) lib/active_support/cache/strategy/local_cache_middleware.rb:26:in `call'
  rack (1.5.3) lib/rack/lock.rb:17:in `call'
  actionpack (4.1.4) lib/action_dispatch/middleware/static.rb:64:in `call'
  rack (1.5.3) lib/rack/sendfile.rb:112:in `call'
  railties (4.1.4) lib/rails/engine.rb:514:in `call'
  railties (4.1.4) lib/rails/application.rb:144:in `call'
  rack (1.5.3) lib/rack/lock.rb:17:in `call'
  rack (1.5.3) lib/rack/content_length.rb:14:in `call'
  rack (1.5.3) lib/rack/handler/webrick.rb:60:in `service'
  C:/RailsInstaller/Ruby2.0.0/lib/ruby/2.0.0/webrick/httpserver.rb:138:in `service'
  C:/RailsInstaller/Ruby2.0.0/lib/ruby/2.0.0/webrick/httpserver.rb:94:in `run'
  C:/RailsInstaller/Ruby2.0.0/lib/ruby/2.0.0/webrick/server.rb:295:in `block in start_thread'


  Rendered C:/RailsInstaller/Ruby2.0.0/lib/ruby/gems/2.0.0/gems/actionpack-4.1.4/lib/action_dispatch/middleware/templates/rescues/_trace.html.erb (1.0ms)
  Rendered C:/RailsInstaller/Ruby2.0.0/lib/ruby/gems/2.0.0/gems/actionpack-4.1.4/lib/action_dispatch/middleware/templates/routes/_route.html.erb (2.0ms)
  Rendered C:/RailsInstaller/Ruby2.0.0/lib/ruby/gems/2.0.0/gems/actionpack-4.1.4/lib/action_dispatch/middleware/templates/routes/_table.html.erb (2.0ms)
  Rendered C:/RailsInstaller/Ruby2.0.0/lib/ruby/gems/2.0.0/gems/actionpack-4.1.4/lib/action_dispatch/middleware/templates/rescues/routing_error.html.erb within rescues/layout (71.0ms)


Started GET "/articles/new" for 127.0.0.1 at 2015-05-19 19:48:01 -0700
Processing by ArticlesController#new as HTML
  Rendered articles/new.html.erb within layouts/application (2.0ms)
Completed 200 OK in 110ms (Views: 110.0ms | ActiveRecord: 0.0ms)


Started GET "/assets/welcome.css?body=1" for 127.0.0.1 at 2015-05-19 19:48:01 -0700


Started GET "/assets/turbolinks.js?body=1" for 127.0.0.1 at 2015-05-19 19:48:01 -0700


Started GET "/assets/jquery.js?body=1" for 127.0.0.1 at 2015-05-19 19:48:01 -0700


Started GET "/assets/jquery_ujs.js?body=1" for 127.0.0.1 at 2015-05-19 19:48:02 -0700


Started GET "/assets/articles.css?body=1" for 127.0.0.1 at 2015-05-19 19:48:02 -0700


Started GET "/assets/application.css?body=1" for 127.0.0.1 at 2015-05-19 19:48:02 -0700


Started GET "/assets/articles.js?body=1" for 127.0.0.1 at 2015-05-19 19:48:02 -0700


Started GET "/assets/welcome.js?body=1" for 127.0.0.1 at 2015-05-19 19:48:02 -0700


Started GET "/assets/application.js?body=1" for 127.0.0.1 at 2015-05-19 19:48:02 -0700


Started POST "/articles" for 127.0.0.1 at 2015-05-19 19:48:05 -0700
Processing by ArticlesController#create as HTML
  Parameters: {"utf8"=>"✓", "authenticity_token"=>"IDE/ZyoXBhHQMk5Z3pAklrdjLt7lWI85A01IToz7Xkg=", "article"=>{"title"=>"Tesd3", "text"=>"tegdsag"}, "commit"=>"Save Article"}
  [1m[36m (0.0ms)[0m  [1mbegin transaction[0m
  [1m[35mSQL (1.0ms)[0m  INSERT INTO "articles" ("created_at", "text", "title", "updated_at") VALUES (?, ?, ?, ?)  [["created_at", "2015-05-20 02:48:05.926627"], ["text", "tegdsag"], ["title", "Tesd3"], ["updated_at", "2015-05-20 02:48:05.926627"]]
  [1m[36m (2.0ms)[0m  [1mcommit transaction[0m
Redirected to http://localhost:3000/articles/4
Completed 302 Found in 11ms (ActiveRecord: 3.0ms)


Started GET "/articles/4" for 127.0.0.1 at 2015-05-19 19:48:05 -0700
Processing by ArticlesController#show as HTML
  Parameters: {"id"=>"4"}
  [1m[35mArticle Load (1.0ms)[0m  SELECT  "articles".* FROM "articles"  WHERE "articles"."id" = ? LIMIT 1  [["id", 4]]
  Rendered articles/show.html.erb within layouts/application (0.0ms)
Completed 200 OK in 82ms (Views: 79.0ms | ActiveRecord: 1.0ms)


Started GET "/assets/jquery_ujs.js?body=1" for 127.0.0.1 at 2015-05-19 19:48:06 -0700


Started GET "/assets/application.css?body=1" for 127.0.0.1 at 2015-05-19 19:48:06 -0700


Started GET "/assets/welcome.css?body=1" for 127.0.0.1 at 2015-05-19 19:48:06 -0700


Started GET "/assets/jquery.js?body=1" for 127.0.0.1 at 2015-05-19 19:48:06 -0700


Started GET "/assets/turbolinks.js?body=1" for 127.0.0.1 at 2015-05-19 19:48:06 -0700


Started GET "/assets/articles.css?body=1" for 127.0.0.1 at 2015-05-19 19:48:06 -0700


Started GET "/assets/articles.js?body=1" for 127.0.0.1 at 2015-05-19 19:48:06 -0700


Started GET "/assets/welcome.js?body=1" for 127.0.0.1 at 2015-05-19 19:48:06 -0700


Started GET "/assets/application.js?body=1" for 127.0.0.1 at 2015-05-19 19:48:06 -0700


Started GET "/articles" for 127.0.0.1 at 2015-05-19 19:48:08 -0700
Processing by ArticlesController#index as HTML
  [1m[36mArticle Load (1.0ms)[0m  [1mSELECT "articles".* FROM "articles"[0m
  Rendered articles/index.html.erb within layouts/application (2.0ms)
Completed 200 OK in 108ms (Views: 106.0ms | ActiveRecord: 1.0ms)


Started GET "/assets/application.css?body=1" for 127.0.0.1 at 2015-05-19 19:48:09 -0700


Started GET "/assets/jquery.js?body=1" for 127.0.0.1 at 2015-05-19 19:48:09 -0700


Started GET "/assets/jquery_ujs.js?body=1" for 127.0.0.1 at 2015-05-19 19:48:09 -0700


Started GET "/assets/turbolinks.js?body=1" for 127.0.0.1 at 2015-05-19 19:48:09 -0700


Started GET "/assets/welcome.css?body=1" for 127.0.0.1 at 2015-05-19 19:48:09 -0700


Started GET "/assets/articles.css?body=1" for 127.0.0.1 at 2015-05-19 19:48:09 -0700


Started GET "/assets/articles.js?body=1" for 127.0.0.1 at 2015-05-19 19:48:09 -0700


Started GET "/assets/application.js?body=1" for 127.0.0.1 at 2015-05-19 19:48:09 -0700


Started GET "/assets/welcome.js?body=1" for 127.0.0.1 at 2015-05-19 19:48:09 -0700


Started GET "/articles" for 127.0.0.1 at 2015-05-19 19:49:13 -0700
Processing by ArticlesController#index as HTML
  [1m[35mArticle Load (1.0ms)[0m  SELECT "articles".* FROM "articles"
  Rendered articles/index.html.erb within layouts/application (4.0ms)
Completed 200 OK in 112ms (Views: 110.0ms | ActiveRecord: 1.0ms)


Started GET "/assets/application.css?body=1" for 127.0.0.1 at 2015-05-19 19:49:13 -0700


Started GET "/assets/welcome.css?body=1" for 127.0.0.1 at 2015-05-19 19:49:13 -0700


Started GET "/assets/turbolinks.js?body=1" for 127.0.0.1 at 2015-05-19 19:49:13 -0700


Started GET "/assets/jquery.js?body=1" for 127.0.0.1 at 2015-05-19 19:49:13 -0700


Started GET "/assets/jquery_ujs.js?body=1" for 127.0.0.1 at 2015-05-19 19:49:13 -0700


Started GET "/assets/articles.css?body=1" for 127.0.0.1 at 2015-05-19 19:49:13 -0700


Started GET "/assets/articles.js?body=1" for 127.0.0.1 at 2015-05-19 19:49:13 -0700


Started GET "/assets/welcome.js?body=1" for 127.0.0.1 at 2015-05-19 19:49:13 -0700


Started GET "/assets/application.js?body=1" for 127.0.0.1 at 2015-05-19 19:49:13 -0700


Started GET "/articles/new" for 127.0.0.1 at 2015-05-19 19:49:16 -0700
Processing by ArticlesController#new as HTML
  Rendered articles/new.html.erb within layouts/application (3.0ms)
Completed 200 OK in 83ms (Views: 81.0ms | ActiveRecord: 0.0ms)


Started GET "/articles" for 127.0.0.1 at 2015-05-19 19:50:26 -0700
Processing by ArticlesController#index as HTML
  [1m[36mArticle Load (0.0ms)[0m  [1mSELECT "articles".* FROM "articles"[0m
  Rendered articles/index.html.erb within layouts/application (4.0ms)
Completed 200 OK in 112ms (Views: 111.0ms | ActiveRecord: 0.0ms)


Started GET "/assets/articles.css?body=1" for 127.0.0.1 at 2015-05-19 19:50:26 -0700


Started GET "/assets/jquery.js?body=1" for 127.0.0.1 at 2015-05-19 19:50:26 -0700


Started GET "/assets/application.css?body=1" for 127.0.0.1 at 2015-05-19 19:50:26 -0700


Started GET "/assets/welcome.css?body=1" for 127.0.0.1 at 2015-05-19 19:50:26 -0700


Started GET "/assets/turbolinks.js?body=1" for 127.0.0.1 at 2015-05-19 19:50:26 -0700


Started GET "/assets/jquery_ujs.js?body=1" for 127.0.0.1 at 2015-05-19 19:50:26 -0700


Started GET "/assets/articles.js?body=1" for 127.0.0.1 at 2015-05-19 19:50:26 -0700


Started GET "/assets/welcome.js?body=1" for 127.0.0.1 at 2015-05-19 19:50:26 -0700


Started GET "/assets/application.js?body=1" for 127.0.0.1 at 2015-05-19 19:50:26 -0700


Started GET "/articles/new" for 127.0.0.1 at 2015-05-19 19:50:27 -0700
Processing by ArticlesController#new as HTML
  Rendered articles/new.html.erb within layouts/application (3.0ms)
Completed 200 OK in 84ms (Views: 84.0ms | ActiveRecord: 0.0ms)


Started GET "/articles" for 127.0.0.1 at 2015-05-19 19:50:28 -0700
Processing by ArticlesController#index as HTML
  [1m[35mArticle Load (1.0ms)[0m  SELECT "articles".* FROM "articles"
  Rendered articles/index.html.erb within layouts/application (3.0ms)
Completed 200 OK in 112ms (Views: 111.0ms | ActiveRecord: 1.0ms)


Started GET "/articles/new" for 127.0.0.1 at 2015-05-19 19:50:29 -0700
Processing by ArticlesController#new as HTML
  Rendered articles/new.html.erb within layouts/application (1.0ms)
Completed 200 OK in 114ms (Views: 113.0ms | ActiveRecord: 0.0ms)


Started POST "/articles" for 127.0.0.1 at 2015-05-19 19:50:32 -0700
Processing by ArticlesController#create as HTML
  Parameters: {"utf8"=>"✓", "authenticity_token"=>"IDE/ZyoXBhHQMk5Z3pAklrdjLt7lWI85A01IToz7Xkg=", "article"=>{"title"=>"Test", "text"=>"Test"}, "commit"=>"Save Article"}
  [1m[36m (0.0ms)[0m  [1mbegin transaction[0m
  [1m[35mSQL (1.0ms)[0m  INSERT INTO "articles" ("created_at", "text", "title", "updated_at") VALUES (?, ?, ?, ?)  [["created_at", "2015-05-20 02:50:32.361003"], ["text", "Test"], ["title", "Test"], ["updated_at", "2015-05-20 02:50:32.361003"]]
  [1m[36m (3.0ms)[0m  [1mcommit transaction[0m
Redirected to http://localhost:3000/articles/5
Completed 302 Found in 10ms (ActiveRecord: 4.0ms)


Started GET "/articles/5" for 127.0.0.1 at 2015-05-19 19:50:32 -0700
Processing by ArticlesController#show as HTML
  Parameters: {"id"=>"5"}
  [1m[35mArticle Load (1.0ms)[0m  SELECT  "articles".* FROM "articles"  WHERE "articles"."id" = ? LIMIT 1  [["id", 5]]
  Rendered articles/show.html.erb within layouts/application (1.0ms)
Completed 200 OK in 113ms (Views: 110.0ms | ActiveRecord: 1.0ms)


Started GET "/assets/articles.css?body=1" for 127.0.0.1 at 2015-05-19 19:50:32 -0700


Started GET "/assets/turbolinks.js?body=1" for 127.0.0.1 at 2015-05-19 19:50:32 -0700


Started GET "/assets/jquery_ujs.js?body=1" for 127.0.0.1 at 2015-05-19 19:50:32 -0700


Started GET "/assets/application.css?body=1" for 127.0.0.1 at 2015-05-19 19:50:32 -0700


Started GET "/assets/jquery.js?body=1" for 127.0.0.1 at 2015-05-19 19:50:32 -0700


Started GET "/assets/welcome.css?body=1" for 127.0.0.1 at 2015-05-19 19:50:32 -0700


Started GET "/assets/articles.js?body=1" for 127.0.0.1 at 2015-05-19 19:50:32 -0700


Started GET "/assets/welcome.js?body=1" for 127.0.0.1 at 2015-05-19 19:50:32 -0700


Started GET "/assets/application.js?body=1" for 127.0.0.1 at 2015-05-19 19:50:32 -0700


Started GET "/articles" for 127.0.0.1 at 2015-05-19 19:50:33 -0700
Processing by ArticlesController#index as HTML
  [1m[36mArticle Load (0.0ms)[0m  [1mSELECT "articles".* FROM "articles"[0m
  Rendered articles/index.html.erb within layouts/application (3.0ms)
Completed 200 OK in 84ms (Views: 83.0ms | ActiveRecord: 0.0ms)
